2023-01-09 12:36:12,420 - help_utils - INFO - Token value: Token not available!
2023-01-09 12:36:12,526 - help_utils - INFO - RSS feed updated: UK Economy RSS
2023-01-09 13:57:45,238 - help_utils - INFO - Token value: Testing
2023-01-09 13:57:47,139 - help_utils - INFO - RSS feed updated: UK Economy RSS
2023-01-10 09:17:24,648 - help_utils - INFO - Token value: Testing
2023-01-10 09:17:25,873 - help_utils - INFO - RSS feed updated: UK Economy RSS
2023-01-11 09:19:50,622 - help_utils - INFO - Token value: Testing
2023-01-11 09:19:52,633 - help_utils - INFO - RSS feed updated: UK Economy RSS
2023-01-11 10:20:17,612 - help_utils - INFO - Token value: Testing
2023-01-11 10:20:19,070 - help_utils - INFO - RSS feed updated UK Economy RSS
2023-01-11 11:05:54,727 - help_utils - INFO - Token value: Testing
2023-01-11 11:05:56,625 - help_utils - INFO - RSS feed updated UK Economy RSS
2023-01-11 12:12:46,050 - help_utils - INFO - Token value: Testing
2023-01-11 12:12:47,602 - help_utils - INFO - RSS feed updated UK Economy RSS
2023-01-11 13:18:19,668 - help_utils - INFO - Token value: Testing
2023-01-11 13:18:21,269 - help_utils - INFO - RSS feed updated UK Economy RSS
2023-01-11 14:08:19,865 - help_utils - INFO - Token value: Testing
2023-01-11 14:08:21,929 - help_utils - INFO - RSS feed updated UK Economy RSS
2023-01-11 15:14:52,246 - help_utils - INFO - Token value: Testing
2023-01-11 15:14:53,827 - help_utils - INFO - RSS feed updated UK Economy RSS
2023-01-11 16:15:27,905 - help_utils - INFO - Token value: Testing
2023-01-11 16:15:29,829 - help_utils - INFO - RSS feed updated UK Economy RSS
2023-01-11 17:12:06,433 - help_utils - INFO - Token value: Testing
2023-01-11 17:12:07,779 - help_utils - INFO - RSS feed updated UK Economy RSS
2023-01-11 18:10:44,966 - help_utils - INFO - Token value: Testing
2023-01-11 18:10:46,478 - help_utils - INFO - RSS feed updated UK Economy RSS
2023-01-11 19:06:07,748 - help_utils - INFO - Token value: Testing
2023-01-11 19:06:09,508 - help_utils - INFO - RSS feed updated UK Economy RSS
2023-01-11 20:07:30,159 - help_utils - INFO - Token value: Testing
2023-01-11 20:07:32,399 - help_utils - INFO - RSS feed updated UK Economy RSS
2023-01-11 21:06:47,813 - help_utils - INFO - Token value: Testing
2023-01-11 21:06:49,528 - help_utils - INFO - RSS feed updated UK Economy RSS
2023-01-11 22:07:12,305 - help_utils - INFO - Token value: Testing
2023-01-11 22:07:13,899 - help_utils - INFO - RSS feed updated UK Economy RSS
2023-01-11 23:06:56,163 - help_utils - INFO - Token value: Testing
2023-01-11 23:06:57,906 - help_utils - INFO - RSS feed updated UK Economy RSS
2023-01-12 00:36:22,641 - help_utils - INFO - Token value: Testing
2023-01-12 00:36:24,557 - help_utils - INFO - RSS feed updated UK Economy RSS
2023-01-12 02:10:31,964 - help_utils - INFO - Token value: Testing
2023-01-12 02:10:33,438 - help_utils - INFO - RSS feed updated UK Economy RSS
2023-01-12 03:07:35,034 - help_utils - INFO - Token value: Testing
2023-01-12 03:07:36,841 - help_utils - INFO - RSS feed updated UK Economy RSS
2023-01-12 04:08:22,285 - help_utils - INFO - Token value: Testing
2023-01-12 04:08:23,983 - help_utils - INFO - RSS feed updated UK Economy RSS
2023-01-12 05:06:39,815 - help_utils - INFO - Token value: Testing
2023-01-12 05:06:41,553 - help_utils - INFO - RSS feed updated UK Economy RSS
2023-01-12 06:09:09,243 - help_utils - INFO - Token value: Testing
2023-01-12 06:09:10,755 - help_utils - INFO - RSS feed updated UK Economy RSS
2023-01-12 07:06:40,100 - help_utils - INFO - Token value: Testing
2023-01-12 07:06:42,378 - help_utils - INFO - RSS feed updated UK Economy RSS
2023-01-12 08:09:20,744 - help_utils - INFO - Token value: Testing
2023-01-12 08:09:22,751 - help_utils - INFO - RSS feed updated UK Economy RSS
2023-01-12 09:08:27,248 - help_utils - INFO - Token value: Testing
2023-01-12 09:08:29,171 - help_utils - INFO - RSS feed updated UK Economy RSS
2023-01-12 10:08:40,264 - help_utils - INFO - Token value: Testing
2023-01-12 10:08:42,115 - help_utils - INFO - RSS feed updated UK Economy RSS
2023-01-12 11:08:48,580 - help_utils - INFO - Token value: Testing
2023-01-12 11:08:50,322 - help_utils - INFO - RSS feed updated UK Economy RSS
2023-01-12 12:13:45,668 - help_utils - INFO - Token value: Testing
2023-01-12 12:13:47,188 - help_utils - INFO - RSS feed updated UK Economy RSS
2023-01-12 13:20:30,589 - help_utils - INFO - Token value: Testing
2023-01-12 13:20:31,063 - help_utils - INFO - RSS feed updated UK Economy RSS
2023-01-12 14:09:17,263 - help_utils - INFO - Token value: Testing
2023-01-12 14:09:19,249 - help_utils - INFO - RSS feed updated UK Economy RSS
2023-01-12 15:12:22,969 - help_utils - INFO - Token value: Testing
2023-01-12 15:12:24,562 - help_utils - INFO - RSS feed updated UK Economy RSS
2023-01-12 16:18:26,537 - help_utils - INFO - Token value: Testing
2023-01-12 16:18:28,032 - help_utils - INFO - RSS feed updated UK Economy RSS
2023-01-12 17:20:28,380 - help_utils - INFO - Token value: Testing
2023-01-12 17:20:30,123 - help_utils - INFO - RSS feed updated UK Economy RSS
2023-01-12 18:09:35,038 - help_utils - INFO - Token value: Testing
2023-01-12 18:09:36,958 - help_utils - INFO - RSS feed updated UK Economy RSS
2023-01-12 19:05:50,930 - help_utils - INFO - Token value: Testing
2023-01-12 19:05:52,747 - help_utils - INFO - RSS feed updated UK Economy RSS
2023-01-12 20:07:39,977 - help_utils - INFO - Token value: Testing
2023-01-12 20:07:41,341 - help_utils - INFO - RSS feed updated UK Economy RSS
2023-01-12 21:06:43,007 - help_utils - INFO - Token value: Testing
2023-01-12 21:06:44,511 - help_utils - INFO - RSS feed updated UK Economy RSS
2023-01-13 09:10:31,746 - help_utils - INFO - Token value: Testing
2023-01-13 09:10:33,596 - help_utils - INFO - RSS feed updated UK Economy RSS
2023-01-13 21:07:42,264 - help_utils - INFO - Token value: Testing
2023-01-13 21:07:43,808 - help_utils - INFO - RSS feed updated UK Economy RSS
2023-01-14 09:08:00,244 - help_utils - INFO - Token value: Testing
2023-01-14 09:08:02,021 - help_utils - INFO - RSS feed updated UK Economy RSS
2023-01-14 21:07:27,200 - help_utils - INFO - Token value: Testing
2023-01-14 21:07:29,322 - help_utils - INFO - RSS feed updated UK Economy RSS
2023-01-15 09:08:11,293 - help_utils - INFO - Token value: Testing
2023-01-15 09:08:12,840 - help_utils - INFO - RSS feed updated UK Economy RSS
2023-01-15 21:07:21,477 - help_utils - INFO - Token value: Testing
2023-01-15 21:07:22,828 - help_utils - INFO - RSS feed updated UK Economy RSS
2023-01-16 09:09:39,983 - help_utils - INFO - Token value: Testing
2023-01-16 09:09:41,913 - help_utils - INFO - RSS feed updated UK Economy RSS
2023-01-16 21:07:55,264 - help_utils - INFO - Token value: Testing
2023-01-16 21:07:56,852 - help_utils - INFO - RSS feed updated UK Economy RSS
2023-01-17 09:08:57,747 - help_utils - INFO - Token value: Testing
2023-01-17 09:08:59,572 - help_utils - INFO - RSS feed updated UK Economy RSS
2023-01-17 21:08:03,564 - help_utils - INFO - Token value: Testing
2023-01-17 21:08:04,212 - help_utils - INFO - RSS feed updated UK Economy RSS
2023-01-18 09:08:56,356 - help_utils - INFO - Token value: Testing
2023-01-18 09:08:57,867 - help_utils - INFO - RSS feed updated UK Economy RSS
2023-01-18 21:08:14,967 - help_utils - INFO - Token value: Testing
2023-01-18 21:08:17,103 - help_utils - INFO - RSS feed updated UK Economy RSS
2023-01-19 09:09:19,498 - help_utils - INFO - Token value: Testing
2023-01-19 09:09:21,221 - help_utils - INFO - RSS feed updated UK Economy RSS
2023-01-19 21:08:15,934 - help_utils - INFO - Token value: Testing
2023-01-19 21:08:17,463 - help_utils - INFO - RSS feed updated UK Economy RSS
2023-01-20 09:09:18,014 - help_utils - INFO - Token value: Testing
2023-01-20 09:09:19,733 - help_utils - INFO - RSS feed updated UK Economy RSS
2023-01-20 21:07:46,675 - help_utils - INFO - Token value: Testing
2023-01-20 21:07:48,656 - help_utils - INFO - RSS feed updated UK Economy RSS
2023-01-21 09:08:01,720 - help_utils - INFO - Token value: Testing
2023-01-21 09:08:03,631 - help_utils - INFO - RSS feed updated UK Economy RSS
2023-01-21 21:07:13,474 - help_utils - INFO - Token value: Testing
2023-01-21 21:07:15,459 - help_utils - INFO - RSS feed updated UK Economy RSS
2023-01-22 09:08:03,487 - help_utils - INFO - Token value: Testing
2023-01-22 09:08:05,458 - help_utils - INFO - RSS feed updated UK Economy RSS
2023-01-22 21:07:14,878 - help_utils - INFO - Token value: Testing
2023-01-22 21:07:16,603 - help_utils - INFO - RSS feed updated UK Economy RSS
2023-01-23 09:09:26,736 - help_utils - INFO - Token value: Testing
2023-01-23 09:09:28,732 - help_utils - INFO - RSS feed updated UK Economy RSS
2023-01-23 21:08:01,772 - help_utils - INFO - Token value: Testing
2023-01-23 21:08:03,690 - help_utils - INFO - RSS feed updated UK Economy RSS
2023-01-24 09:08:54,552 - help_utils - INFO - Token value: Testing
2023-01-24 09:08:56,704 - help_utils - INFO - RSS feed updated UK Economy RSS
2023-01-24 21:08:04,128 - help_utils - INFO - Token value: Testing
2023-01-24 21:08:06,130 - help_utils - INFO - RSS feed updated UK Economy RSS
2023-01-25 09:08:57,104 - help_utils - INFO - Token value: Testing
2023-01-25 09:08:59,064 - help_utils - INFO - RSS feed updated UK Economy RSS
2023-01-25 21:06:40,902 - help_utils - INFO - Token value: Testing
2023-01-25 21:06:42,466 - help_utils - INFO - RSS feed updated UK Economy RSS
2023-01-26 09:08:44,636 - help_utils - INFO - Token value: Testing
2023-01-26 09:08:46,218 - help_utils - INFO - RSS feed updated UK Economy RSS
2023-01-26 21:08:16,716 - help_utils - INFO - Token value: Testing
2023-01-26 21:08:18,487 - help_utils - INFO - RSS feed updated UK Economy RSS
2023-01-27 09:09:03,622 - help_utils - INFO - Token value: Testing
2023-01-27 09:09:05,413 - help_utils - INFO - RSS feed updated UK Economy RSS
2023-01-27 21:07:36,752 - help_utils - INFO - Token value: Testing
2023-01-27 21:07:38,716 - help_utils - INFO - RSS feed updated UK Economy RSS
2023-01-28 09:08:23,371 - help_utils - INFO - Token value: Testing
2023-01-28 09:08:25,135 - help_utils - INFO - RSS feed updated UK Economy RSS
2023-01-28 21:07:20,601 - help_utils - INFO - Token value: Testing
2023-01-28 21:07:22,623 - help_utils - INFO - RSS feed updated UK Economy RSS
2023-01-29 09:08:00,385 - help_utils - INFO - Token value: Testing
2023-01-29 09:08:02,557 - help_utils - INFO - RSS feed updated UK Economy RSS
2023-01-30 09:16:26,050 - help_utils - INFO - Token value: Testing
2023-01-30 09:16:27,286 - help_utils - INFO - RSS feed updated UK Economy RSS
2023-01-31 09:16:15,598 - help_utils - INFO - Token value: Testing
2023-01-31 09:16:17,643 - help_utils - INFO - RSS feed updated UK Economy RSS
2023-02-01 09:16:32,147 - help_utils - INFO - Token value: Testing
2023-02-01 09:16:33,779 - help_utils - INFO - RSS feed updated UK Economy RSS
2023-02-02 09:16:20,839 - help_utils - INFO - Token value: Testing
2023-02-02 09:16:22,884 - help_utils - INFO - RSS feed updated UK Economy RSS
2023-02-03 09:16:24,853 - help_utils - INFO - Token value: Testing
2023-02-03 09:16:26,737 - help_utils - INFO - RSS feed updated UK Economy RSS
2023-02-04 09:14:36,226 - help_utils - INFO - Token value: Testing
2023-02-04 09:14:37,827 - help_utils - INFO - RSS feed updated UK Economy RSS
2023-02-05 09:14:50,012 - help_utils - INFO - Token value: Testing
2023-02-05 09:14:52,066 - help_utils - INFO - RSS feed updated UK Economy RSS
2023-02-06 09:16:42,536 - help_utils - INFO - Token value: Testing
2023-02-06 09:16:44,641 - help_utils - INFO - RSS feed updated UK Economy RSS
2023-02-07 09:16:06,084 - help_utils - INFO - Token value: Testing
2023-02-07 09:16:08,073 - help_utils - INFO - RSS feed updated UK Economy RSS
2023-02-08 09:17:32,584 - help_utils - INFO - Token value: Testing
2023-02-08 09:17:34,386 - help_utils - INFO - RSS feed updated UK Economy RSS
2023-02-09 09:16:46,882 - help_utils - INFO - Token value: Testing
2023-02-09 09:16:49,973 - help_utils - INFO - RSS feed updated UK Economy RSS
2023-02-10 09:17:03,802 - help_utils - INFO - Token value: Testing
2023-02-10 09:17:05,501 - help_utils - INFO - RSS feed updated UK Economy RSS
2023-02-11 09:15:05,363 - help_utils - INFO - Token value: Testing
2023-02-11 09:15:07,305 - help_utils - INFO - RSS feed updated UK Economy RSS
2023-02-12 09:15:13,902 - help_utils - INFO - Token value: Testing
2023-02-12 09:15:16,273 - help_utils - INFO - RSS feed updated UK Economy RSS
2023-02-13 09:17:30,745 - help_utils - INFO - Token value: Testing
2023-02-13 09:17:32,851 - help_utils - INFO - RSS feed updated UK Economy RSS
2023-02-14 09:17:36,496 - help_utils - INFO - Token value: Testing
2023-02-14 09:17:38,115 - help_utils - INFO - RSS feed updated UK Economy RSS
2023-02-15 09:17:18,009 - help_utils - INFO - Token value: Testing
2023-02-15 09:17:19,650 - help_utils - INFO - RSS feed updated UK Economy RSS
2023-02-16 09:17:17,990 - help_utils - INFO - Token value: Testing
2023-02-16 09:17:20,108 - help_utils - INFO - RSS feed updated UK Economy RSS
2023-02-17 09:16:45,775 - help_utils - INFO - Token value: Testing
2023-02-17 09:16:47,163 - help_utils - INFO - RSS feed updated UK Economy RSS
2023-02-18 09:15:24,221 - help_utils - INFO - Token value: Testing
2023-02-18 09:15:29,784 - help_utils - INFO - RSS feed updated UK Economy RSS
2023-02-19 09:15:21,236 - help_utils - INFO - Token value: Testing
2023-02-19 09:15:27,225 - help_utils - INFO - RSS feed updated UK Economy RSS
2023-02-20 09:17:51,920 - help_utils - INFO - Token value: Testing
2023-02-20 09:17:53,779 - help_utils - INFO - RSS feed updated UK Economy RSS
2023-02-21 09:17:04,278 - help_utils - INFO - Token value: Testing
2023-02-21 09:17:06,232 - help_utils - INFO - RSS feed updated UK Economy RSS
2023-02-22 09:17:30,488 - help_utils - INFO - Token value: Testing
2023-02-22 09:17:31,781 - help_utils - INFO - RSS feed updated UK Economy RSS
2023-02-23 09:16:47,001 - help_utils - INFO - Token value: Testing
2023-02-23 09:16:48,535 - help_utils - INFO - RSS feed updated UK Economy RSS
2023-02-24 09:16:59,487 - help_utils - INFO - Token value: Testing
2023-02-24 09:17:01,230 - help_utils - INFO - RSS feed updated UK Economy RSS
2023-02-25 09:15:33,804 - help_utils - INFO - Token value: Testing
2023-02-25 09:15:35,501 - help_utils - INFO - RSS feed updated UK Economy RSS
2023-02-26 09:15:51,881 - help_utils - INFO - Token value: Testing
2023-02-26 09:15:54,028 - help_utils - INFO - RSS feed updated UK Economy RSS
2023-02-27 09:18:04,895 - help_utils - INFO - Token value: Testing
2023-02-27 09:18:06,616 - help_utils - INFO - RSS feed updated UK Economy RSS
2023-02-28 09:17:53,057 - help_utils - INFO - Token value: Testing
2023-02-28 09:17:54,782 - help_utils - INFO - RSS feed updated UK Economy RSS
2023-03-01 09:17:59,306 - help_utils - INFO - Token value: Testing
2023-03-01 09:18:00,849 - help_utils - INFO - RSS feed updated UK Economy RSS
2023-03-02 09:17:27,280 - help_utils - INFO - Token value: Testing
2023-03-02 09:17:29,022 - help_utils - INFO - RSS feed updated UK Economy RSS
2023-03-03 09:17:05,808 - help_utils - INFO - Token value: Testing
2023-03-03 09:17:07,299 - help_utils - INFO - RSS feed updated UK Economy RSS
2023-03-04 09:15:20,445 - help_utils - INFO - Token value: Testing
2023-03-04 09:15:21,944 - help_utils - INFO - RSS feed updated UK Economy RSS
2023-03-05 09:15:34,014 - help_utils - INFO - Token value: Testing
2023-03-05 09:15:35,553 - help_utils - INFO - RSS feed updated UK Economy RSS
2023-03-06 09:17:59,868 - help_utils - INFO - Token value: Testing
2023-03-06 09:18:01,375 - help_utils - INFO - RSS feed updated UK Economy RSS
2023-03-07 09:17:54,307 - help_utils - INFO - Token value: Testing
2023-03-07 09:17:56,322 - help_utils - INFO - RSS feed updated UK Economy RSS
2023-03-08 09:17:31,498 - help_utils - INFO - Token value: Testing
2023-03-08 09:17:33,646 - help_utils - INFO - RSS feed updated UK Economy RSS
2023-03-09 09:18:11,627 - help_utils - INFO - Token value: Testing
2023-03-09 09:18:13,159 - help_utils - INFO - RSS feed updated UK Economy RSS
2023-03-10 09:17:44,228 - help_utils - INFO - Token value: Testing
2023-03-10 09:17:46,067 - help_utils - INFO - RSS feed updated UK Economy RSS
2023-03-11 09:14:41,538 - help_utils - INFO - Token value: Testing
2023-03-11 09:14:43,481 - help_utils - INFO - RSS feed updated UK Economy RSS
2023-03-12 09:14:31,276 - help_utils - INFO - Token value: Testing
2023-03-12 09:14:33,082 - help_utils - INFO - RSS feed updated UK Economy RSS
2023-03-14 09:18:40,068 - help_utils - INFO - Token value: Testing
2023-03-14 09:18:41,743 - help_utils - INFO - RSS feed updated UK Economy RSS
2023-03-15 09:16:57,966 - help_utils - INFO - Token value: Testing
2023-03-15 09:16:59,650 - help_utils - INFO - RSS feed updated UK Economy RSS
2023-03-16 09:17:11,257 - help_utils - INFO - Token value: Testing
2023-03-16 09:17:12,957 - help_utils - INFO - RSS feed updated UK Economy RSS
2023-03-17 09:16:57,673 - help_utils - INFO - Token value: Testing
2023-03-17 09:16:59,449 - help_utils - INFO - RSS feed updated UK Economy RSS
2023-03-18 09:15:01,882 - help_utils - INFO - Token value: Testing
2023-03-18 09:15:03,887 - help_utils - INFO - RSS feed updated UK Economy RSS
2023-03-19 09:15:08,103 - help_utils - INFO - Token value: Testing
2023-03-19 09:15:09,874 - help_utils - INFO - RSS feed updated UK Economy RSS
2023-03-20 09:17:31,367 - help_utils - INFO - Token value: Testing
2023-03-20 09:17:33,116 - help_utils - INFO - RSS feed updated UK Economy RSS
2023-03-21 09:16:30,073 - help_utils - INFO - Token value: Testing
2023-03-21 09:16:31,998 - help_utils - INFO - RSS feed updated UK Economy RSS
2023-03-22 09:15:34,879 - help_utils - INFO - Token value: Testing
2023-03-22 09:15:36,633 - help_utils - INFO - RSS feed updated UK Economy RSS
2023-03-23 09:15:47,387 - help_utils - INFO - Token value: Testing
2023-03-23 09:15:49,719 - help_utils - INFO - RSS feed updated UK Economy RSS
2023-03-24 09:15:31,515 - help_utils - INFO - Token value: Testing
2023-03-24 09:15:33,608 - help_utils - INFO - RSS feed updated UK Economy RSS
2023-03-25 09:13:37,344 - help_utils - INFO - Token value: Testing
2023-03-25 09:13:39,368 - help_utils - INFO - RSS feed updated UK Economy RSS
2023-03-26 09:14:01,667 - help_utils - INFO - Token value: Testing
2023-03-26 09:14:03,724 - help_utils - INFO - RSS feed updated UK Economy RSS
2023-03-27 09:16:46,328 - help_utils - INFO - Token value: Testing
2023-03-27 09:16:47,942 - help_utils - INFO - RSS feed updated UK Economy RSS
2023-03-28 09:16:22,405 - help_utils - INFO - Token value: Testing
2023-03-28 09:16:24,591 - help_utils - INFO - RSS feed updated UK Economy RSS
2023-03-29 09:16:05,655 - help_utils - INFO - Token value: Testing
2023-03-29 09:16:07,539 - help_utils - INFO - RSS feed updated UK Economy RSS
2023-03-30 09:16:59,616 - help_utils - INFO - Token value: Testing
2023-03-30 09:17:01,385 - help_utils - INFO - RSS feed updated UK Economy RSS
2023-03-31 09:15:26,441 - help_utils - INFO - Token value: Testing
2023-03-31 09:15:31,241 - help_utils - INFO - RSS feed updated UK Economy RSS
2023-04-01 09:13:22,405 - help_utils - INFO - Token value: Testing
2023-04-01 09:13:24,323 - help_utils - INFO - RSS feed updated UK Economy RSS
2023-04-02 09:13:14,281 - help_utils - INFO - Token value: Testing
2023-04-02 09:13:16,232 - help_utils - INFO - RSS feed updated UK Economy RSS
2023-04-03 09:15:48,847 - help_utils - INFO - Token value: Testing
2023-04-03 09:15:50,483 - help_utils - INFO - RSS feed updated UK Economy RSS
2023-04-04 09:14:42,613 - help_utils - INFO - Token value: Testing
2023-04-04 09:14:47,762 - help_utils - INFO - RSS feed updated UK Economy RSS
2023-04-05 09:16:21,293 - help_utils - INFO - Token value: Testing
2023-04-05 09:16:23,424 - help_utils - INFO - RSS feed updated UK Economy RSS
2023-04-06 09:14:18,561 - help_utils - INFO - Token value: Testing
2023-04-06 09:14:20,158 - help_utils - INFO - RSS feed updated UK Economy RSS
2023-04-07 09:14:25,586 - help_utils - INFO - Token value: Testing
2023-04-07 09:14:27,599 - help_utils - INFO - RSS feed updated UK Economy RSS
2023-04-08 09:12:59,154 - help_utils - INFO - Token value: Testing
2023-04-08 09:13:00,994 - help_utils - INFO - RSS feed updated UK Economy RSS
2023-04-09 09:13:13,323 - help_utils - INFO - Token value: Testing
2023-04-09 09:13:15,298 - help_utils - INFO - RSS feed updated UK Economy RSS
2023-04-10 09:15:06,969 - help_utils - INFO - Token value: Testing
2023-04-10 09:15:08,902 - help_utils - INFO - RSS feed updated UK Economy RSS
2023-04-11 09:15:25,066 - help_utils - INFO - Token value: Testing
2023-04-11 09:15:26,983 - help_utils - INFO - RSS feed updated UK Economy RSS
2023-04-12 09:14:42,534 - help_utils - INFO - Token value: Testing
2023-04-12 09:14:44,536 - help_utils - INFO - RSS feed updated UK Economy RSS
2023-04-13 09:15:00,014 - help_utils - INFO - Token value: Testing
2023-04-13 09:15:01,472 - help_utils - INFO - RSS feed updated UK Economy RSS
2023-04-14 09:14:37,837 - help_utils - INFO - Token value: Testing
2023-04-14 09:14:39,491 - help_utils - INFO - RSS feed updated UK Economy RSS
2023-04-15 09:13:40,260 - help_utils - INFO - Token value: Testing
2023-04-15 09:13:42,274 - help_utils - INFO - RSS feed updated UK Economy RSS
2023-04-16 09:13:57,919 - help_utils - INFO - Token value: Testing
2023-04-16 09:13:59,691 - help_utils - INFO - RSS feed updated UK Economy RSS
2023-04-17 09:15:37,354 - help_utils - INFO - Token value: Testing
2023-04-17 09:15:39,130 - help_utils - INFO - RSS feed updated UK Economy RSS
2023-04-18 09:15:20,825 - help_utils - INFO - Token value: Testing
2023-04-18 09:15:22,897 - help_utils - INFO - RSS feed updated UK Economy RSS
2023-04-19 09:15:19,850 - help_utils - INFO - Token value: Testing
2023-04-19 09:15:22,663 - help_utils - INFO - RSS feed updated UK Economy RSS
2023-04-20 09:15:25,121 - help_utils - INFO - Token value: Testing
2023-04-20 09:15:27,225 - help_utils - INFO - RSS feed updated UK Economy RSS
2023-04-21 09:14:53,185 - help_utils - INFO - Token value: Testing
2023-04-21 09:14:55,128 - help_utils - INFO - RSS feed updated UK Economy RSS
2023-04-22 09:13:32,302 - help_utils - INFO - Token value: Testing
2023-04-22 09:13:33,994 - help_utils - INFO - RSS feed updated UK Economy RSS
2023-04-23 09:13:34,918 - help_utils - INFO - Token value: Testing
2023-04-23 09:13:36,929 - help_utils - INFO - RSS feed updated UK Economy RSS
2023-04-24 09:15:45,009 - help_utils - INFO - Token value: Testing
2023-04-24 09:15:46,762 - help_utils - INFO - RSS feed updated UK Economy RSS
2023-04-25 09:15:10,313 - help_utils - INFO - Token value: Testing
2023-04-25 09:15:12,170 - help_utils - INFO - RSS feed updated UK Economy RSS
2023-04-26 09:15:03,944 - help_utils - INFO - Token value: Testing
2023-04-26 09:15:05,771 - help_utils - INFO - RSS feed updated UK Economy RSS
2023-04-27 09:14:37,291 - help_utils - INFO - Token value: Testing
2023-04-27 09:14:39,475 - help_utils - INFO - RSS feed updated UK Economy RSS
2023-04-28 09:14:32,572 - help_utils - INFO - Token value: Testing
2023-04-28 09:14:34,157 - help_utils - INFO - RSS feed updated UK Economy RSS
2023-04-29 09:13:49,967 - help_utils - INFO - Token value: Testing
2023-04-29 09:13:51,677 - help_utils - INFO - RSS feed updated UK Economy RSS
2023-04-30 09:13:28,377 - help_utils - INFO - Token value: Testing
2023-04-30 09:13:30,425 - help_utils - INFO - RSS feed updated UK Economy RSS
2023-05-01 09:15:06,047 - help_utils - INFO - Token value: Testing
2023-05-01 09:15:07,738 - help_utils - INFO - RSS feed updated UK Economy RSS
2023-05-02 09:14:45,339 - help_utils - INFO - Token value: Testing
2023-05-02 09:14:47,174 - help_utils - INFO - RSS feed updated UK Economy RSS
2023-05-03 09:14:28,979 - help_utils - INFO - Token value: Testing
2023-05-03 09:14:30,611 - help_utils - INFO - RSS feed updated UK Economy RSS
2023-05-04 09:14:45,795 - help_utils - INFO - Token value: Testing
2023-05-04 09:14:47,483 - help_utils - INFO - RSS feed updated UK Economy RSS
2023-05-05 09:14:39,867 - help_utils - INFO - Token value: Testing
2023-05-05 09:14:41,776 - help_utils - INFO - RSS feed updated UK Economy RSS
2023-05-06 09:13:27,685 - help_utils - INFO - Token value: Testing
2023-05-06 09:13:29,793 - help_utils - INFO - RSS feed updated UK Economy RSS
2023-05-07 09:13:49,000 - help_utils - INFO - Token value: Testing
2023-05-07 09:13:51,034 - help_utils - INFO - RSS feed updated UK Economy RSS
2023-05-08 09:15:16,853 - help_utils - INFO - Token value: Testing
2023-05-08 09:15:18,899 - help_utils - INFO - RSS feed updated UK Economy RSS
2023-05-09 09:14:48,510 - help_utils - INFO - Token value: Testing
2023-05-09 09:14:50,173 - help_utils - INFO - RSS feed updated UK Economy RSS
2023-05-10 09:15:08,791 - help_utils - INFO - Token value: Testing
2023-05-10 09:15:10,847 - help_utils - INFO - RSS feed updated UK Economy RSS
2023-05-11 09:14:12,563 - help_utils - INFO - Token value: Testing
2023-05-11 09:14:14,193 - help_utils - INFO - RSS feed updated UK Economy RSS
2023-05-12 09:14:22,433 - help_utils - INFO - Token value: Testing
2023-05-12 09:14:24,376 - help_utils - INFO - RSS feed updated UK Economy RSS
2023-05-13 09:12:52,560 - help_utils - INFO - Token value: Testing
2023-05-13 09:12:54,153 - help_utils - INFO - RSS feed updated UK Economy RSS
2023-05-14 09:13:04,169 - help_utils - INFO - Token value: Testing
2023-05-14 09:13:06,086 - help_utils - INFO - RSS feed updated UK Economy RSS
2023-05-15 09:15:08,591 - help_utils - INFO - Token value: Testing
2023-05-15 09:15:10,544 - help_utils - INFO - RSS feed updated UK Economy RSS
2023-05-16 09:14:39,003 - help_utils - INFO - Token value: Testing
2023-05-16 09:14:41,032 - help_utils - INFO - RSS feed updated UK Economy RSS
2023-05-17 09:14:41,146 - help_utils - INFO - Token value: Testing
2023-05-17 09:14:42,489 - help_utils - INFO - RSS feed updated UK Economy RSS
2023-05-18 09:13:51,816 - help_utils - INFO - Token value: Testing
2023-05-18 09:13:53,333 - help_utils - INFO - RSS feed updated UK Economy RSS
2023-05-19 09:14:15,480 - help_utils - INFO - Token value: Testing
2023-05-19 09:14:17,029 - help_utils - INFO - RSS feed updated UK Economy RSS
2023-05-20 09:12:56,907 - help_utils - INFO - Token value: Testing
2023-05-20 09:12:58,172 - help_utils - INFO - RSS feed updated UK Economy RSS
2023-05-21 09:13:13,086 - help_utils - INFO - Token value: Testing
2023-05-21 09:13:14,881 - help_utils - INFO - RSS feed updated UK Economy RSS
2023-05-22 09:15:13,392 - help_utils - INFO - Token value: Testing
2023-05-22 09:15:15,192 - help_utils - INFO - RSS feed updated UK Economy RSS
2023-05-23 09:14:53,318 - help_utils - INFO - Token value: Testing
2023-05-23 09:14:55,354 - help_utils - INFO - RSS feed updated UK Economy RSS
2023-05-24 09:14:30,503 - help_utils - INFO - Token value: Testing
2023-05-24 09:14:32,085 - help_utils - INFO - RSS feed updated UK Economy RSS
2023-05-25 09:14:47,553 - help_utils - INFO - Token value: Testing
2023-05-25 09:14:49,678 - help_utils - INFO - RSS feed updated UK Economy RSS
2023-05-26 09:14:25,732 - help_utils - INFO - Token value: Testing
2023-05-26 09:14:27,854 - help_utils - INFO - RSS feed updated UK Economy RSS
2023-05-27 09:12:59,679 - help_utils - INFO - Token value: Testing
2023-05-27 09:13:01,304 - help_utils - INFO - RSS feed updated UK Economy RSS
2023-05-28 09:14:31,185 - help_utils - INFO - Token value: Testing
2023-05-28 09:14:32,765 - help_utils - INFO - RSS feed updated UK Economy RSS
2023-05-29 09:14:44,415 - help_utils - INFO - Token value: Testing
2023-05-29 09:14:46,281 - help_utils - INFO - RSS feed updated UK Economy RSS
2023-05-30 09:14:29,812 - help_utils - INFO - Token value: Testing
2023-05-30 09:14:31,431 - help_utils - INFO - RSS feed updated UK Economy RSS
2023-05-31 09:16:04,661 - help_utils - INFO - Token value: Testing
2023-05-31 09:16:06,530 - help_utils - INFO - RSS feed updated UK Economy RSS
2023-06-01 09:15:04,437 - help_utils - INFO - Token value: Testing
2023-06-01 09:15:06,448 - help_utils - INFO - RSS feed updated UK Economy RSS
2023-06-02 09:14:15,083 - help_utils - INFO - Token value: Testing
2023-06-02 09:14:16,974 - help_utils - INFO - RSS feed updated UK Economy RSS
2023-06-03 09:12:50,793 - help_utils - INFO - Token value: Testing
2023-06-03 09:12:52,629 - help_utils - INFO - RSS feed updated UK Economy RSS
2023-06-04 09:14:13,705 - help_utils - INFO - Token value: Testing
2023-06-04 09:14:15,473 - help_utils - INFO - RSS feed updated UK Economy RSS
2023-06-05 09:14:52,197 - help_utils - INFO - Token value: Testing
2023-06-05 09:14:54,142 - help_utils - INFO - RSS feed updated UK Economy RSS
2023-06-06 09:14:31,445 - help_utils - INFO - Token value: Testing
2023-06-06 09:14:33,910 - help_utils - INFO - RSS feed updated UK Economy RSS
2023-06-07 09:14:10,233 - help_utils - INFO - Token value: Testing
2023-06-07 09:14:10,871 - help_utils - INFO - RSS feed updated UK Economy RSS
2023-06-08 09:14:30,210 - help_utils - INFO - Token value: Testing
2023-06-08 09:14:31,823 - help_utils - INFO - RSS feed updated UK Economy RSS
2023-06-09 09:14:39,322 - help_utils - INFO - Token value: Testing
2023-06-09 09:14:40,972 - help_utils - INFO - RSS feed updated UK Economy RSS
2023-06-10 09:13:39,643 - help_utils - INFO - Token value: Testing
2023-06-10 09:13:41,232 - help_utils - INFO - RSS feed updated UK Economy RSS
2023-06-11 09:13:04,774 - help_utils - INFO - Token value: Testing
2023-06-11 09:13:06,640 - help_utils - INFO - RSS feed updated UK Economy RSS
2023-06-12 09:15:15,996 - help_utils - INFO - Token value: Testing
2023-06-12 09:15:17,587 - help_utils - INFO - RSS feed updated UK Economy RSS
2023-06-13 09:14:29,434 - help_utils - INFO - Token value: Testing
2023-06-13 09:14:30,871 - help_utils - INFO - RSS feed updated UK Economy RSS
2023-06-14 09:14:30,361 - help_utils - INFO - Token value: Testing
2023-06-14 09:14:32,198 - help_utils - INFO - RSS feed updated UK Economy RSS
2023-06-15 09:14:31,534 - help_utils - INFO - Token value: Testing
2023-06-15 09:14:32,957 - help_utils - INFO - RSS feed updated UK Economy RSS
2023-06-16 09:14:16,372 - help_utils - INFO - Token value: Testing
2023-06-16 09:14:18,059 - help_utils - INFO - RSS feed updated UK Economy RSS
2023-06-17 09:13:15,254 - help_utils - INFO - Token value: Testing
2023-06-17 09:13:17,062 - help_utils - INFO - RSS feed updated UK Economy RSS
2023-06-18 09:04:57,108 - help_utils - INFO - Token value: Testing
2023-06-18 09:04:58,703 - help_utils - INFO - RSS feed updated UK Economy RSS
2023-06-19 09:04:55,456 - help_utils - INFO - Token value: Testing
2023-06-19 09:04:56,861 - help_utils - INFO - RSS feed updated UK Economy RSS
2023-06-20 09:04:42,034 - help_utils - INFO - Token value: Testing
2023-06-20 09:04:43,877 - help_utils - INFO - RSS feed updated UK Economy RSS
2023-06-21 09:04:53,169 - help_utils - INFO - Token value: Testing
2023-06-21 09:04:54,767 - help_utils - INFO - RSS feed updated UK Economy RSS
2023-06-22 09:04:51,491 - help_utils - INFO - Token value: Testing
2023-06-22 09:04:53,278 - help_utils - INFO - RSS feed updated UK Economy RSS
2023-06-23 09:05:11,500 - help_utils - INFO - Token value: Testing
2023-06-23 09:05:13,258 - help_utils - INFO - RSS feed updated UK Economy RSS
2023-06-24 09:04:50,292 - help_utils - INFO - Token value: Testing
2023-06-24 09:04:51,642 - help_utils - INFO - RSS feed updated UK Economy RSS
2023-06-25 09:05:00,461 - help_utils - INFO - Token value: Testing
2023-06-25 09:05:02,205 - help_utils - INFO - RSS feed updated UK Economy RSS
2023-06-26 09:06:27,138 - help_utils - INFO - Token value: Testing
2023-06-26 09:06:28,757 - help_utils - INFO - RSS feed updated UK Economy RSS
2023-06-27 09:05:13,376 - help_utils - INFO - Token value: Testing
2023-06-27 09:05:15,415 - help_utils - INFO - RSS feed updated UK Economy RSS
2023-06-28 09:05:04,523 - help_utils - INFO - Token value: Testing
2023-06-28 09:05:06,504 - help_utils - INFO - RSS feed updated UK Economy RSS
2023-06-29 09:05:08,085 - help_utils - INFO - Token value: Testing
2023-06-29 09:05:09,723 - help_utils - INFO - RSS feed updated UK Economy RSS
2023-06-30 09:05:07,259 - help_utils - INFO - Token value: Testing
2023-06-30 09:05:08,917 - help_utils - INFO - RSS feed updated UK Economy RSS
2023-07-01 09:04:47,377 - help_utils - INFO - Token value: Testing
2023-07-01 09:04:49,235 - help_utils - INFO - RSS feed updated UK Economy RSS
2023-07-02 09:04:45,825 - help_utils - INFO - Token value: Testing
2023-07-02 09:04:47,550 - help_utils - INFO - RSS feed updated UK Economy RSS
2023-07-03 09:04:59,481 - help_utils - INFO - Token value: Testing
2023-07-03 09:05:01,382 - help_utils - INFO - RSS feed updated UK Economy RSS
2023-07-04 09:05:15,135 - help_utils - INFO - Token value: Testing
2023-07-04 09:05:17,005 - help_utils - INFO - RSS feed updated UK Economy RSS
2023-07-05 09:05:28,675 - help_utils - INFO - Token value: Testing
2023-07-05 09:05:30,273 - help_utils - INFO - RSS feed updated UK Economy RSS
2023-07-06 09:05:11,329 - help_utils - INFO - Token value: Testing
2023-07-06 09:05:12,993 - help_utils - INFO - RSS feed updated UK Economy RSS
2023-07-07 09:05:06,153 - help_utils - INFO - Token value: Testing
2023-07-07 09:05:07,756 - help_utils - INFO - RSS feed updated UK Economy RSS
2023-07-08 09:04:50,387 - help_utils - INFO - Token value: Testing
2023-07-08 09:04:52,526 - help_utils - INFO - RSS feed updated UK Economy RSS
2023-07-09 09:04:42,153 - help_utils - INFO - Token value: Testing
2023-07-09 09:04:43,719 - help_utils - INFO - RSS feed updated UK Economy RSS
2023-07-10 09:05:14,659 - help_utils - INFO - Token value: Testing
2023-07-10 09:05:16,221 - help_utils - INFO - RSS feed updated UK Economy RSS
2023-07-11 09:05:04,987 - help_utils - INFO - Token value: Testing
2023-07-11 09:05:06,520 - help_utils - INFO - RSS feed updated UK Economy RSS
2023-07-12 09:05:06,102 - help_utils - INFO - Token value: Testing
2023-07-12 09:05:07,742 - help_utils - INFO - RSS feed updated UK Economy RSS
2023-07-13 09:04:58,908 - help_utils - INFO - Token value: Testing
2023-07-13 09:05:00,484 - help_utils - INFO - RSS feed updated UK Economy RSS
2023-07-14 09:05:00,511 - help_utils - INFO - Token value: Testing
2023-07-14 09:05:02,330 - help_utils - INFO - RSS feed updated UK Economy RSS
2023-07-15 09:05:00,250 - help_utils - INFO - Token value: Testing
2023-07-15 09:05:02,264 - help_utils - INFO - RSS feed updated UK Economy RSS
2023-07-16 09:04:44,522 - help_utils - INFO - Token value: Testing
2023-07-16 09:04:46,526 - help_utils - INFO - RSS feed updated UK Economy RSS
2023-07-17 09:05:07,836 - help_utils - INFO - Token value: Testing
2023-07-17 09:05:09,416 - help_utils - INFO - RSS feed updated UK Economy RSS
2023-07-18 09:04:55,473 - help_utils - INFO - Token value: Testing
2023-07-18 09:04:57,341 - help_utils - INFO - RSS feed updated UK Economy RSS
2023-07-19 09:05:02,266 - help_utils - INFO - Token value: Testing
2023-07-19 09:05:04,264 - help_utils - INFO - RSS feed updated UK Economy RSS
2023-07-20 09:04:51,390 - help_utils - INFO - Token value: Testing
2023-07-20 09:04:53,114 - help_utils - INFO - RSS feed updated UK Economy RSS
2023-07-21 09:04:51,518 - help_utils - INFO - Token value: Testing
2023-07-21 09:04:53,349 - help_utils - INFO - RSS feed updated UK Economy RSS
2023-07-22 09:05:00,819 - help_utils - INFO - Token value: Testing
2023-07-22 09:05:02,392 - help_utils - INFO - RSS feed updated UK Economy RSS
2023-07-23 09:04:55,885 - help_utils - INFO - Token value: Testing
2023-07-23 09:04:57,715 - help_utils - INFO - RSS feed updated UK Economy RSS
2023-07-24 09:05:12,930 - help_utils - INFO - Token value: Testing
2023-07-24 09:05:14,779 - help_utils - INFO - RSS feed updated UK Economy RSS
2023-07-25 09:05:19,037 - help_utils - INFO - Token value: Testing
2023-07-25 09:05:20,763 - help_utils - INFO - RSS feed updated UK Economy RSS
2023-07-26 09:05:03,851 - help_utils - INFO - Token value: Testing
2023-07-26 09:05:05,456 - help_utils - INFO - RSS feed updated UK Economy RSS
2023-07-27 09:04:43,366 - help_utils - INFO - Token value: Testing
2023-07-27 09:04:45,362 - help_utils - INFO - RSS feed updated UK Economy RSS
2023-07-28 09:05:00,507 - help_utils - INFO - Token value: Testing
2023-07-28 09:05:02,545 - help_utils - INFO - RSS feed updated UK Economy RSS
2023-07-29 09:04:57,066 - help_utils - INFO - Token value: Testing
2023-07-29 09:04:59,005 - help_utils - INFO - RSS feed updated UK Economy RSS
2023-07-30 09:04:44,591 - help_utils - INFO - Token value: Testing
2023-07-30 09:04:46,897 - help_utils - INFO - RSS feed updated UK Economy RSS
2023-07-31 09:05:25,335 - help_utils - INFO - Token value: Testing
2023-07-31 09:05:26,958 - help_utils - INFO - RSS feed updated UK Economy RSS
2023-08-01 09:05:10,319 - help_utils - INFO - Token value: Testing
2023-08-01 09:05:12,200 - help_utils - INFO - RSS feed updated UK Economy RSS
2023-08-02 09:05:03,076 - help_utils - INFO - Token value: Testing
2023-08-02 09:05:05,102 - help_utils - INFO - RSS feed updated UK Economy RSS
2023-08-03 09:05:05,148 - help_utils - INFO - Token value: Testing
2023-08-03 09:05:07,222 - help_utils - INFO - RSS feed updated UK Economy RSS
2023-08-04 09:04:57,150 - help_utils - INFO - Token value: Testing
2023-08-04 09:04:59,319 - help_utils - INFO - RSS feed updated UK Economy RSS
2023-08-05 09:04:51,967 - help_utils - INFO - Token value: Testing
2023-08-05 09:04:53,638 - help_utils - INFO - RSS feed updated UK Economy RSS
2023-08-06 09:04:40,721 - help_utils - INFO - Token value: Testing
2023-08-06 09:04:42,313 - help_utils - INFO - RSS feed updated UK Economy RSS
2023-08-07 09:05:27,371 - help_utils - INFO - Token value: Testing
2023-08-07 09:05:29,380 - help_utils - INFO - RSS feed updated UK Economy RSS
2023-08-08 09:04:52,349 - help_utils - INFO - Token value: Testing
2023-08-08 09:04:54,319 - help_utils - INFO - RSS feed updated UK Economy RSS
2023-08-09 09:05:13,332 - help_utils - INFO - Token value: Testing
2023-08-09 09:05:15,204 - help_utils - INFO - RSS feed updated UK Economy RSS
2023-08-10 09:05:39,099 - help_utils - INFO - Token value: Testing
2023-08-10 09:05:40,566 - help_utils - INFO - RSS feed updated UK Economy RSS
2023-08-11 09:05:03,218 - help_utils - INFO - Token value: Testing
2023-08-11 09:05:05,180 - help_utils - INFO - RSS feed updated UK Economy RSS
2023-08-12 09:04:50,879 - help_utils - INFO - Token value: Testing
2023-08-12 09:04:52,960 - help_utils - INFO - RSS feed updated UK Economy RSS
2023-08-13 09:04:41,097 - help_utils - INFO - Token value: Testing
2023-08-13 09:04:42,874 - help_utils - INFO - RSS feed updated UK Economy RSS
2023-08-14 09:05:12,559 - help_utils - INFO - Token value: Testing
2023-08-14 09:05:14,657 - help_utils - INFO - RSS feed updated UK Economy RSS
2023-08-15 09:05:02,244 - help_utils - INFO - Token value: Testing
2023-08-15 09:05:03,916 - help_utils - INFO - RSS feed updated UK Economy RSS
2023-08-16 09:04:59,822 - help_utils - INFO - Token value: Testing
2023-08-16 09:05:00,322 - help_utils - INFO - RSS feed updated UK Economy RSS
2023-08-17 09:05:06,536 - help_utils - INFO - Token value: Testing
2023-08-17 09:05:08,525 - help_utils - INFO - RSS feed updated UK Economy RSS
2023-08-18 09:04:59,225 - help_utils - INFO - Token value: Testing
2023-08-18 09:05:01,432 - help_utils - INFO - RSS feed updated UK Economy RSS
2023-08-19 09:04:45,995 - help_utils - INFO - Token value: Testing
2023-08-19 09:04:47,759 - help_utils - INFO - RSS feed updated UK Economy RSS
2023-08-20 09:04:55,091 - help_utils - INFO - Token value: Testing
2023-08-20 09:04:57,266 - help_utils - INFO - RSS feed updated UK Economy RSS
2023-08-21 09:05:09,449 - help_utils - INFO - Token value: Testing
2023-08-21 09:05:11,778 - help_utils - INFO - RSS feed updated UK Economy RSS
2023-08-22 09:05:10,233 - help_utils - INFO - Token value: Testing
2023-08-22 09:05:12,335 - help_utils - INFO - RSS feed updated UK Economy RSS
2023-08-23 09:05:05,494 - help_utils - INFO - Token value: Testing
2023-08-23 09:05:07,896 - help_utils - INFO - RSS feed updated UK Economy RSS
2023-08-24 09:05:13,251 - help_utils - INFO - Token value: Testing
2023-08-24 09:05:15,142 - help_utils - INFO - RSS feed updated UK Economy RSS
2023-08-25 09:05:02,841 - help_utils - INFO - Token value: Testing
2023-08-25 09:05:04,496 - help_utils - INFO - RSS feed updated UK Economy RSS
2023-08-26 09:04:39,999 - help_utils - INFO - Token value: Testing
2023-08-26 09:04:41,560 - help_utils - INFO - RSS feed updated UK Economy RSS
2023-08-27 09:04:50,210 - help_utils - INFO - Token value: Testing
2023-08-27 09:04:51,811 - help_utils - INFO - RSS feed updated UK Economy RSS
2023-08-28 09:05:12,355 - help_utils - INFO - Token value: Testing
2023-08-28 09:05:14,065 - help_utils - INFO - RSS feed updated UK Economy RSS
2023-08-29 09:05:17,476 - help_utils - INFO - Token value: Testing
2023-08-29 09:05:19,733 - help_utils - INFO - RSS feed updated UK Economy RSS
2023-08-30 09:05:02,305 - help_utils - INFO - Token value: Testing
2023-08-30 09:05:03,944 - help_utils - INFO - RSS feed updated UK Economy RSS
2023-08-31 09:05:22,223 - help_utils - INFO - Token value: Testing
2023-08-31 09:05:23,742 - help_utils - INFO - RSS feed updated UK Economy RSS
2023-09-01 09:05:09,551 - help_utils - INFO - Token value: Testing
2023-09-01 09:05:11,801 - help_utils - INFO - RSS feed updated UK Economy RSS
2023-09-02 09:05:18,923 - help_utils - INFO - Token value: Testing
2023-09-02 09:05:20,591 - help_utils - INFO - RSS feed updated UK Economy RSS
2023-09-03 09:04:55,458 - help_utils - INFO - Token value: Testing
2023-09-03 09:04:57,334 - help_utils - INFO - RSS feed updated UK Economy RSS
2023-09-04 09:05:07,564 - help_utils - INFO - Token value: Testing
2023-09-04 09:05:10,090 - help_utils - INFO - RSS feed updated UK Economy RSS
2023-09-05 09:05:13,363 - help_utils - INFO - Token value: Testing
2023-09-05 09:05:15,009 - help_utils - INFO - RSS feed updated UK Economy RSS
2023-09-06 09:05:02,105 - help_utils - INFO - Token value: Testing
2023-09-06 09:05:04,043 - help_utils - INFO - RSS feed updated UK Economy RSS
2023-09-07 09:05:10,501 - help_utils - INFO - Token value: Testing
2023-09-07 09:05:12,074 - help_utils - INFO - RSS feed updated UK Economy RSS
2023-09-08 09:05:11,572 - help_utils - INFO - Token value: Testing
2023-09-08 09:05:13,377 - help_utils - INFO - RSS feed updated UK Economy RSS
2023-09-09 09:04:46,083 - help_utils - INFO - Token value: Testing
2023-09-09 09:04:47,671 - help_utils - INFO - RSS feed updated UK Economy RSS
2023-09-10 09:04:45,868 - help_utils - INFO - Token value: Testing
2023-09-10 09:04:47,725 - help_utils - INFO - RSS feed updated UK Economy RSS
2023-09-11 09:05:17,658 - help_utils - INFO - Token value: Testing
2023-09-11 09:05:19,253 - help_utils - INFO - RSS feed updated UK Economy RSS
2023-09-12 09:05:16,783 - help_utils - INFO - Token value: Testing
2023-09-12 09:05:18,852 - help_utils - INFO - RSS feed updated UK Economy RSS
2023-09-13 09:05:13,777 - help_utils - INFO - Token value: Testing
2023-09-13 09:05:14,222 - help_utils - INFO - RSS feed updated UK Economy RSS
2023-09-14 09:05:07,529 - help_utils - INFO - Token value: Testing
2023-09-14 09:05:08,202 - help_utils - INFO - RSS feed updated UK Economy RSS
2023-09-15 09:04:54,979 - help_utils - INFO - Token value: Testing
2023-09-15 09:04:55,268 - help_utils - INFO - RSS feed updated UK Economy RSS
2023-09-16 09:04:41,287 - help_utils - INFO - Token value: Testing
2023-09-16 09:04:41,653 - help_utils - INFO - RSS feed updated UK Economy RSS
2023-09-17 09:04:53,035 - help_utils - INFO - Token value: Testing
2023-09-17 09:04:53,451 - help_utils - INFO - RSS feed updated UK Economy RSS
2023-09-18 09:05:11,590 - help_utils - INFO - Token value: Testing
2023-09-18 09:05:13,723 - help_utils - INFO - RSS feed updated UK Economy RSS
2023-09-19 09:05:04,210 - help_utils - INFO - Token value: Testing
2023-09-19 09:05:05,919 - help_utils - INFO - RSS feed updated UK Economy RSS
2023-09-20 09:05:21,701 - help_utils - INFO - Token value: Testing
2023-09-20 09:05:23,632 - help_utils - INFO - RSS feed updated UK Economy RSS
2023-09-21 09:05:12,206 - help_utils - INFO - Token value: Testing
2023-09-21 09:05:14,416 - help_utils - INFO - RSS feed updated UK Economy RSS
2023-09-22 09:04:57,999 - help_utils - INFO - Token value: Testing
2023-09-22 09:04:58,409 - help_utils - INFO - RSS feed updated UK Economy RSS
2023-09-23 09:04:46,682 - help_utils - INFO - Token value: Testing
2023-09-23 09:04:48,377 - help_utils - INFO - RSS feed updated UK Economy RSS
2023-09-24 09:05:01,937 - help_utils - INFO - Token value: Testing
2023-09-24 09:05:04,147 - help_utils - INFO - RSS feed updated UK Economy RSS
2023-09-25 09:05:01,132 - help_utils - INFO - Token value: Testing
2023-09-25 09:05:03,068 - help_utils - INFO - RSS feed updated UK Economy RSS
2023-09-26 09:05:00,369 - help_utils - INFO - Token value: Testing
2023-09-26 09:05:02,827 - help_utils - INFO - RSS feed updated UK Economy RSS
2023-09-27 09:05:07,820 - help_utils - INFO - Token value: Testing
2023-09-27 09:05:10,040 - help_utils - INFO - RSS feed updated UK Economy RSS
2023-09-28 09:05:09,246 - help_utils - INFO - Token value: Testing
2023-09-28 09:05:11,351 - help_utils - INFO - RSS feed updated UK Economy RSS
2023-09-29 09:05:08,020 - help_utils - INFO - Token value: Testing
2023-09-29 09:05:10,097 - help_utils - INFO - RSS feed updated UK Economy RSS
2023-09-30 09:04:45,988 - help_utils - INFO - Token value: Testing
2023-09-30 09:04:48,367 - help_utils - INFO - RSS feed updated UK Economy RSS
2023-10-01 09:04:58,488 - help_utils - INFO - Token value: Testing
2023-10-01 09:05:00,068 - help_utils - INFO - RSS feed updated UK Economy RSS
2023-10-02 09:05:21,475 - help_utils - INFO - Token value: Testing
2023-10-02 09:05:23,632 - help_utils - INFO - RSS feed updated UK Economy RSS
2023-10-03 09:05:15,149 - help_utils - INFO - Token value: Testing
2023-10-03 09:05:17,268 - help_utils - INFO - RSS feed updated UK Economy RSS
2023-10-04 09:05:14,199 - help_utils - INFO - Token value: Testing
2023-10-04 09:05:15,644 - help_utils - INFO - RSS feed updated UK Economy RSS
2023-10-05 09:05:14,742 - help_utils - INFO - Token value: Testing
2023-10-05 09:05:16,370 - help_utils - INFO - RSS feed updated UK Economy RSS
2023-10-06 09:05:03,212 - help_utils - INFO - Token value: Testing
2023-10-06 09:05:03,576 - help_utils - INFO - RSS feed updated UK Economy RSS
2023-10-07 09:04:51,378 - help_utils - INFO - Token value: Testing
2023-10-07 09:04:53,338 - help_utils - INFO - RSS feed updated UK Economy RSS
2023-10-08 09:04:47,500 - help_utils - INFO - Token value: Testing
2023-10-08 09:04:49,575 - help_utils - INFO - RSS feed updated UK Economy RSS
2023-10-09 09:05:17,278 - help_utils - INFO - Token value: Testing
2023-10-09 09:05:19,078 - help_utils - INFO - RSS feed updated UK Economy RSS
2023-10-10 09:05:07,822 - help_utils - INFO - Token value: Testing
2023-10-10 09:05:09,409 - help_utils - INFO - RSS feed updated UK Economy RSS
2023-10-11 09:05:08,892 - help_utils - INFO - Token value: Testing
2023-10-11 09:05:10,825 - help_utils - INFO - RSS feed updated UK Economy RSS
2023-10-12 09:05:06,997 - help_utils - INFO - Token value: Testing
2023-10-12 09:05:08,758 - help_utils - INFO - RSS feed updated UK Economy RSS
2023-10-13 09:05:03,859 - help_utils - INFO - Token value: Testing
2023-10-13 09:05:05,770 - help_utils - INFO - RSS feed updated UK Economy RSS
2023-10-14 09:04:50,735 - help_utils - INFO - Token value: Testing
2023-10-14 09:04:52,040 - help_utils - INFO - RSS feed updated UK Economy RSS
2023-10-15 09:04:46,391 - help_utils - INFO - Token value: Testing
2023-10-15 09:04:47,988 - help_utils - INFO - RSS feed updated UK Economy RSS
2023-10-16 09:05:24,550 - help_utils - INFO - Token value: Testing
2023-10-16 09:05:26,540 - help_utils - INFO - RSS feed updated UK Economy RSS
2023-10-17 09:05:03,271 - help_utils - INFO - Token value: Testing
2023-10-17 09:05:05,102 - help_utils - INFO - RSS feed updated UK Economy RSS
2023-10-18 09:05:08,927 - help_utils - INFO - Token value: Testing
2023-10-18 09:05:10,786 - help_utils - INFO - RSS feed updated UK Economy RSS
2023-10-19 09:05:08,545 - help_utils - INFO - Token value: Testing
2023-10-19 09:05:10,517 - help_utils - INFO - RSS feed updated UK Economy RSS
2023-10-20 09:05:03,076 - help_utils - INFO - Token value: Testing
2023-10-20 09:05:05,020 - help_utils - INFO - RSS feed updated UK Economy RSS
2023-10-21 09:04:52,139 - help_utils - INFO - Token value: Testing
2023-10-21 09:04:54,234 - help_utils - INFO - RSS feed updated UK Economy RSS
2023-10-22 09:04:48,017 - help_utils - INFO - Token value: Testing
2023-10-22 09:04:49,993 - help_utils - INFO - RSS feed updated UK Economy RSS
2023-10-23 09:05:08,451 - help_utils - INFO - Token value: Testing
2023-10-23 09:05:10,359 - help_utils - INFO - RSS feed updated UK Economy RSS
2023-10-24 09:05:12,575 - help_utils - INFO - Token value: Testing
2023-10-24 09:05:14,354 - help_utils - INFO - RSS feed updated UK Economy RSS
2023-10-25 09:05:07,601 - help_utils - INFO - Token value: Testing
2023-10-25 09:05:09,592 - help_utils - INFO - RSS feed updated UK Economy RSS
2023-10-26 09:05:05,031 - help_utils - INFO - Token value: Testing
2023-10-26 09:05:07,041 - help_utils - INFO - RSS feed updated UK Economy RSS
2023-10-27 09:05:00,316 - help_utils - INFO - Token value: Testing
2023-10-27 09:05:01,975 - help_utils - INFO - RSS feed updated UK Economy RSS
2023-10-28 09:04:45,826 - help_utils - INFO - Token value: Testing
2023-10-28 09:04:47,585 - help_utils - INFO - RSS feed updated UK Economy RSS
2023-10-29 09:04:48,919 - help_utils - INFO - Token value: Testing
2023-10-29 09:04:50,896 - help_utils - INFO - RSS feed updated UK Economy RSS
2023-10-30 09:04:57,289 - help_utils - INFO - Token value: Testing
2023-10-30 09:04:59,694 - help_utils - INFO - RSS feed updated UK Economy RSS
2023-10-31 09:05:07,605 - help_utils - INFO - Token value: Testing
2023-10-31 09:05:09,958 - help_utils - INFO - RSS feed updated UK Economy RSS
2023-11-01 09:04:56,096 - help_utils - INFO - Token value: Testing
2023-11-01 09:04:57,709 - help_utils - INFO - RSS feed updated UK Economy RSS
2023-11-02 09:04:50,945 - help_utils - INFO - Token value: Testing
2023-11-02 09:04:52,701 - help_utils - INFO - RSS feed updated UK Economy RSS
2023-11-03 09:05:08,253 - help_utils - INFO - Token value: Testing
2023-11-03 09:05:08,817 - help_utils - INFO - RSS feed updated UK Economy RSS
2023-11-04 09:04:50,147 - help_utils - INFO - Token value: Testing
2023-11-04 09:04:52,102 - help_utils - INFO - RSS feed updated UK Economy RSS
2023-11-05 09:04:59,873 - help_utils - INFO - Token value: Testing
2023-11-05 09:05:01,506 - help_utils - INFO - RSS feed updated UK Economy RSS
2023-11-06 09:05:12,695 - help_utils - INFO - Token value: Testing
2023-11-06 09:05:14,679 - help_utils - INFO - RSS feed updated UK Economy RSS
2023-11-07 09:05:04,189 - help_utils - INFO - Token value: Testing
2023-11-07 09:05:05,864 - help_utils - INFO - RSS feed updated UK Economy RSS
2023-11-08 09:04:46,859 - help_utils - INFO - Token value: Testing
2023-11-08 09:04:48,791 - help_utils - INFO - RSS feed updated UK Economy RSS
2023-11-09 09:04:53,850 - help_utils - INFO - Token value: Testing
2023-11-09 09:04:55,486 - help_utils - INFO - RSS feed updated UK Economy RSS
2023-11-10 09:04:51,850 - help_utils - INFO - Token value: Testing
2023-11-10 09:04:53,758 - help_utils - INFO - RSS feed updated UK Economy RSS
2023-11-11 09:04:42,278 - help_utils - INFO - Token value: Testing
2023-11-11 09:04:43,975 - help_utils - INFO - RSS feed updated UK Economy RSS
2023-11-12 09:04:38,245 - help_utils - INFO - Token value: Testing
2023-11-12 09:04:39,915 - help_utils - INFO - RSS feed updated UK Economy RSS
2023-11-13 09:04:57,442 - help_utils - INFO - Token value: Testing
2023-11-13 09:04:59,552 - help_utils - INFO - RSS feed updated UK Economy RSS
2023-11-14 09:05:01,364 - help_utils - INFO - Token value: Testing
2023-11-14 09:05:03,200 - help_utils - INFO - RSS feed updated UK Economy RSS
2023-11-15 09:05:08,545 - help_utils - INFO - Token value: Testing
2023-11-15 09:05:10,682 - help_utils - INFO - RSS feed updated UK Economy RSS
2023-11-16 09:04:52,740 - help_utils - INFO - Token value: Testing
2023-11-16 09:04:53,416 - help_utils - INFO - RSS feed updated UK Economy RSS
2023-11-17 09:04:57,185 - help_utils - INFO - Token value: Testing
2023-11-17 09:04:58,841 - help_utils - INFO - RSS feed updated UK Economy RSS
2023-11-18 09:04:47,626 - help_utils - INFO - Token value: Testing
2023-11-18 09:04:49,495 - help_utils - INFO - RSS feed updated UK Economy RSS
2023-11-19 09:04:44,406 - help_utils - INFO - Token value: Testing
2023-11-19 09:04:46,435 - help_utils - INFO - RSS feed updated UK Economy RSS
2023-11-20 09:05:23,587 - help_utils - INFO - Token value: Testing
2023-11-20 09:05:25,850 - help_utils - INFO - RSS feed updated UK Economy RSS
2023-11-21 09:05:00,513 - help_utils - INFO - Token value: Testing
2023-11-21 09:05:02,609 - help_utils - INFO - RSS feed updated UK Economy RSS
2023-11-22 09:04:58,427 - help_utils - INFO - Token value: Testing
2023-11-22 09:05:00,647 - help_utils - INFO - RSS feed updated UK Economy RSS
2023-11-23 09:04:57,668 - help_utils - INFO - Token value: Testing
2023-11-23 09:04:59,675 - help_utils - INFO - RSS feed updated UK Economy RSS
2023-11-24 09:04:52,079 - help_utils - INFO - Token value: Testing
2023-11-24 09:04:54,219 - help_utils - INFO - RSS feed updated UK Economy RSS
2023-11-25 09:04:38,829 - help_utils - INFO - Token value: Testing
2023-11-25 09:04:40,672 - help_utils - INFO - RSS feed updated UK Economy RSS
2023-11-26 09:04:41,657 - help_utils - INFO - Token value: Testing
2023-11-26 09:04:44,019 - help_utils - INFO - RSS feed updated UK Economy RSS
2023-11-27 09:05:12,576 - help_utils - INFO - Token value: Testing
2023-11-27 09:05:14,741 - help_utils - INFO - RSS feed updated UK Economy RSS
2023-11-28 09:05:04,359 - help_utils - INFO - Token value: Testing
2023-11-28 09:05:06,343 - help_utils - INFO - RSS feed updated UK Economy RSS
2023-11-29 09:04:53,669 - help_utils - INFO - Token value: Testing
2023-11-29 09:04:59,348 - help_utils - INFO - RSS feed updated UK Economy RSS
2023-11-30 09:04:53,617 - help_utils - INFO - Token value: Testing
2023-11-30 09:04:55,792 - help_utils - INFO - RSS feed updated UK Economy RSS
2023-12-01 09:04:55,419 - help_utils - INFO - Token value: Testing
2023-12-01 09:04:57,326 - help_utils - INFO - RSS feed updated UK Economy RSS
2023-12-02 09:04:51,528 - help_utils - INFO - Token value: Testing
2023-12-02 09:04:57,025 - help_utils - INFO - RSS feed updated UK Economy RSS
2023-12-03 09:04:47,085 - help_utils - INFO - Token value: Testing
2023-12-03 09:04:49,407 - help_utils - INFO - RSS feed updated UK Economy RSS
2023-12-04 09:05:04,389 - help_utils - INFO - Token value: Testing
2023-12-04 09:05:05,899 - help_utils - INFO - RSS feed updated UK Economy RSS
2023-12-05 09:04:58,408 - help_utils - INFO - Token value: Testing
2023-12-05 09:05:00,148 - help_utils - INFO - RSS feed updated UK Economy RSS
2023-12-06 09:04:55,529 - help_utils - INFO - Token value: Testing
2023-12-06 09:04:56,995 - help_utils - INFO - RSS feed updated UK Economy RSS
2023-12-07 09:04:56,403 - help_utils - INFO - Token value: Testing
2023-12-07 09:04:58,764 - help_utils - INFO - RSS feed updated UK Economy RSS
2023-12-08 09:04:50,609 - help_utils - INFO - Token value: Testing
2023-12-08 09:04:52,191 - help_utils - INFO - RSS feed updated UK Economy RSS
2023-12-09 09:04:44,473 - help_utils - INFO - Token value: Testing
2023-12-09 09:04:46,558 - help_utils - INFO - RSS feed updated UK Economy RSS
2023-12-10 09:04:45,557 - help_utils - INFO - Token value: Testing
2023-12-10 09:04:47,485 - help_utils - INFO - RSS feed updated UK Economy RSS
2023-12-11 09:05:12,158 - help_utils - INFO - Token value: Testing
2023-12-11 09:05:14,015 - help_utils - INFO - RSS feed updated UK Economy RSS
2023-12-12 09:04:54,269 - help_utils - INFO - Token value: Testing
2023-12-12 09:04:55,844 - help_utils - INFO - RSS feed updated UK Economy RSS
2023-12-13 09:04:52,256 - help_utils - INFO - Token value: Testing
2023-12-13 09:04:54,312 - help_utils - INFO - RSS feed updated UK Economy RSS
2023-12-14 09:04:58,157 - help_utils - INFO - Token value: Testing
2023-12-14 09:04:59,718 - help_utils - INFO - RSS feed updated UK Economy RSS
2023-12-15 09:04:55,364 - help_utils - INFO - Token value: Testing
2023-12-15 09:04:57,933 - help_utils - INFO - RSS feed updated UK Economy RSS
2023-12-16 09:04:45,876 - help_utils - INFO - Token value: Testing
2023-12-16 09:04:47,684 - help_utils - INFO - RSS feed updated UK Economy RSS
2023-12-17 09:04:43,679 - help_utils - INFO - Token value: Testing
2023-12-17 09:04:45,257 - help_utils - INFO - RSS feed updated UK Economy RSS
2023-12-18 09:04:57,646 - help_utils - INFO - Token value: Testing
2023-12-18 09:04:59,365 - help_utils - INFO - RSS feed updated UK Economy RSS
2023-12-19 09:04:58,762 - help_utils - INFO - Token value: Testing
2023-12-19 09:05:00,350 - help_utils - INFO - RSS feed updated UK Economy RSS
2023-12-20 09:04:40,738 - help_utils - INFO - Token value: Testing
2023-12-20 09:04:42,392 - help_utils - INFO - RSS feed updated UK Economy RSS
2023-12-21 09:04:51,039 - help_utils - INFO - Token value: Testing
2023-12-21 09:04:52,511 - help_utils - INFO - RSS feed updated UK Economy RSS
2023-12-22 09:05:02,416 - help_utils - INFO - Token value: Testing
2023-12-22 09:05:03,954 - help_utils - INFO - RSS feed updated UK Economy RSS
2023-12-23 09:04:44,117 - help_utils - INFO - Token value: Testing
2023-12-23 09:04:45,428 - help_utils - INFO - RSS feed updated UK Economy RSS
2023-12-24 09:04:39,387 - help_utils - INFO - Token value: Testing
2023-12-24 09:04:41,356 - help_utils - INFO - RSS feed updated UK Economy RSS
2023-12-25 09:04:58,205 - help_utils - INFO - Token value: Testing
2023-12-25 09:04:59,839 - help_utils - INFO - RSS feed updated UK Economy RSS
2023-12-26 09:04:48,383 - help_utils - INFO - Token value: Testing
2023-12-26 09:04:49,939 - help_utils - INFO - RSS feed updated UK Economy RSS
2023-12-27 09:04:51,042 - help_utils - INFO - Token value: Testing
2023-12-27 09:04:53,215 - help_utils - INFO - RSS feed updated UK Economy RSS
2023-12-28 09:04:56,391 - help_utils - INFO - Token value: Testing
2023-12-28 09:04:57,940 - help_utils - INFO - RSS feed updated UK Economy RSS
2023-12-29 09:04:46,211 - help_utils - INFO - Token value: Testing
2023-12-29 09:04:47,843 - help_utils - INFO - RSS feed updated UK Economy RSS
2023-12-30 09:04:52,223 - help_utils - INFO - Token value: Testing
2023-12-30 09:04:53,814 - help_utils - INFO - RSS feed updated UK Economy RSS
2023-12-31 09:04:43,903 - help_utils - INFO - Token value: Testing
2023-12-31 09:04:45,984 - help_utils - INFO - RSS feed updated UK Economy RSS
2024-01-01 09:05:04,211 - help_utils - INFO - Token value: Testing
2024-01-01 09:05:05,777 - help_utils - INFO - RSS feed updated UK Economy RSS
2024-01-02 09:04:54,737 - help_utils - INFO - Token value: Testing
2024-01-02 09:04:56,745 - help_utils - INFO - RSS feed updated UK Economy RSS
2024-01-03 09:04:49,495 - help_utils - INFO - Token value: Testing
2024-01-03 09:04:51,066 - help_utils - INFO - RSS feed updated UK Economy RSS
2024-01-04 09:04:50,356 - help_utils - INFO - Token value: Testing
2024-01-04 09:04:52,526 - help_utils - INFO - RSS feed updated UK Economy RSS
2024-01-05 09:04:48,876 - help_utils - INFO - Token value: Testing
2024-01-05 09:04:50,913 - help_utils - INFO - RSS feed updated UK Economy RSS
2024-01-06 09:04:41,265 - help_utils - INFO - Token value: Testing
2024-01-06 09:04:43,236 - help_utils - INFO - RSS feed updated UK Economy RSS
2024-01-07 09:04:48,669 - help_utils - INFO - Token value: Testing
2024-01-07 09:04:50,221 - help_utils - INFO - RSS feed updated UK Economy RSS
2024-01-08 09:05:08,445 - help_utils - INFO - Token value: Testing
2024-01-08 09:05:10,459 - help_utils - INFO - RSS feed updated UK Economy RSS
2024-01-09 09:04:57,796 - help_utils - INFO - Token value: Testing
2024-01-09 09:04:59,411 - help_utils - INFO - RSS feed updated UK Economy RSS
2024-01-10 09:04:58,128 - help_utils - INFO - Token value: Testing
2024-01-10 09:05:00,115 - help_utils - INFO - RSS feed updated UK Economy RSS
2024-01-11 09:04:58,551 - help_utils - INFO - Token value: Testing
2024-01-11 09:05:00,142 - help_utils - INFO - RSS feed updated UK Economy RSS
2024-01-12 09:04:51,220 - help_utils - INFO - Token value: Testing
2024-01-12 09:04:52,836 - help_utils - INFO - RSS feed updated UK Economy RSS
2024-01-13 09:04:48,195 - help_utils - INFO - Token value: Testing
2024-01-13 09:04:49,880 - help_utils - INFO - RSS feed updated UK Economy RSS
2024-01-14 09:04:50,653 - help_utils - INFO - Token value: Testing
2024-01-14 09:04:52,392 - help_utils - INFO - RSS feed updated UK Economy RSS
2024-01-15 09:05:13,418 - help_utils - INFO - Token value: Testing
2024-01-15 09:05:15,061 - help_utils - INFO - RSS feed updated UK Economy RSS
2024-01-16 09:04:57,377 - help_utils - INFO - Token value: Testing
2024-01-16 09:04:59,251 - help_utils - INFO - RSS feed updated UK Economy RSS
2024-01-17 09:04:57,301 - help_utils - INFO - Token value: Testing
2024-01-17 09:04:58,857 - help_utils - INFO - RSS feed updated UK Economy RSS
2024-01-18 09:04:53,386 - help_utils - INFO - Token value: Testing
2024-01-18 09:04:55,149 - help_utils - INFO - RSS feed updated UK Economy RSS
2024-01-19 09:04:50,274 - help_utils - INFO - Token value: Testing
2024-01-19 09:04:51,621 - help_utils - INFO - RSS feed updated UK Economy RSS
2024-01-20 09:04:47,940 - help_utils - INFO - Token value: Testing
2024-01-20 09:04:49,770 - help_utils - INFO - RSS feed updated UK Economy RSS
2024-01-21 09:04:47,331 - help_utils - INFO - Token value: Testing
2024-01-21 09:04:49,305 - help_utils - INFO - RSS feed updated UK Economy RSS
2024-01-22 09:05:19,174 - help_utils - INFO - Token value: Testing
2024-01-22 09:05:21,176 - help_utils - INFO - RSS feed updated UK Economy RSS
2024-01-23 09:04:50,549 - help_utils - INFO - Token value: Testing
2024-01-23 09:04:52,313 - help_utils - INFO - RSS feed updated UK Economy RSS
2024-01-24 09:04:55,387 - help_utils - INFO - Token value: Testing
2024-01-24 09:04:56,997 - help_utils - INFO - RSS feed updated UK Economy RSS
2024-01-25 09:04:58,736 - help_utils - INFO - Token value: Testing
2024-01-25 09:04:59,558 - help_utils - INFO - RSS feed updated UK Economy RSS
2024-01-26 09:05:25,857 - help_utils - INFO - Token value: Testing
2024-01-26 09:05:26,255 - help_utils - INFO - RSS feed updated UK Economy RSS
2024-01-27 09:04:38,895 - help_utils - INFO - Token value: Testing
2024-01-27 09:04:39,462 - help_utils - INFO - RSS feed updated UK Economy RSS
2024-01-28 09:04:49,030 - help_utils - INFO - Token value: Testing
2024-01-28 09:04:50,597 - help_utils - INFO - RSS feed updated UK Economy RSS
2024-01-29 09:05:17,942 - help_utils - INFO - Token value: Testing
2024-01-29 09:05:18,469 - help_utils - INFO - RSS feed updated UK Economy RSS
2024-01-30 09:05:01,245 - help_utils - INFO - Token value: Testing
2024-01-30 09:05:01,632 - help_utils - INFO - RSS feed updated UK Economy RSS
2024-01-31 09:04:53,752 - help_utils - INFO - Token value: Testing
2024-01-31 09:04:54,332 - help_utils - INFO - RSS feed updated UK Economy RSS
2024-02-01 09:04:59,969 - help_utils - INFO - Token value: Testing
2024-02-01 09:05:00,365 - help_utils - INFO - RSS feed updated UK Economy RSS
2024-02-02 09:05:33,917 - help_utils - INFO - Token value: Testing
2024-02-02 09:05:34,334 - help_utils - INFO - RSS feed updated UK Economy RSS
2024-02-03 09:04:58,553 - help_utils - INFO - Token value: Testing
2024-02-03 09:04:59,045 - help_utils - INFO - RSS feed updated UK Economy RSS
2024-02-04 09:04:40,879 - help_utils - INFO - Token value: Testing
2024-02-04 09:04:41,207 - help_utils - INFO - RSS feed updated UK Economy RSS
2024-02-05 09:04:55,237 - help_utils - INFO - Token value: Testing
2024-02-05 09:04:55,806 - help_utils - INFO - RSS feed updated UK Economy RSS
2024-02-06 09:05:05,117 - help_utils - INFO - Token value: Testing
2024-02-06 09:05:05,652 - help_utils - INFO - RSS feed updated UK Economy RSS
2024-02-07 09:05:32,123 - help_utils - INFO - Token value: Testing
2024-02-07 09:05:33,670 - help_utils - INFO - RSS feed updated UK Economy RSS
2024-02-08 09:04:57,843 - help_utils - INFO - Token value: Testing
2024-02-08 09:04:58,237 - help_utils - INFO - RSS feed updated UK Economy RSS
2024-02-09 09:06:03,290 - help_utils - INFO - Token value: Testing
2024-02-09 09:06:03,858 - help_utils - INFO - RSS feed updated UK Economy RSS
2024-02-10 09:05:39,568 - help_utils - INFO - Token value: Testing
2024-02-10 09:05:41,175 - help_utils - INFO - RSS feed updated UK Economy RSS
2024-02-11 09:04:52,031 - help_utils - INFO - Token value: Testing
2024-02-11 09:04:52,428 - help_utils - INFO - RSS feed updated UK Economy RSS
2024-02-12 09:05:05,502 - help_utils - INFO - Token value: Testing
2024-02-12 09:05:05,923 - help_utils - INFO - RSS feed updated UK Economy RSS
2024-02-13 09:04:52,500 - help_utils - INFO - Token value: Testing
2024-02-13 09:04:52,804 - help_utils - INFO - RSS feed updated UK Economy RSS
2024-02-14 09:05:08,273 - help_utils - INFO - Token value: Testing
2024-02-14 09:05:08,618 - help_utils - INFO - RSS feed updated UK Economy RSS
2024-02-15 09:05:38,540 - help_utils - INFO - Token value: Testing
2024-02-15 09:05:39,992 - help_utils - INFO - RSS feed updated UK Economy RSS
2024-02-16 09:04:52,654 - help_utils - INFO - Token value: Testing
2024-02-16 09:04:53,217 - help_utils - INFO - RSS feed updated UK Economy RSS
2024-02-17 09:04:56,589 - help_utils - INFO - Token value: Testing
2024-02-17 09:04:57,414 - help_utils - INFO - RSS feed updated UK Economy RSS
2024-02-18 09:04:59,369 - help_utils - INFO - Token value: Testing
2024-02-18 09:04:59,945 - help_utils - INFO - RSS feed updated UK Economy RSS
2024-02-19 09:05:12,221 - help_utils - INFO - Token value: Testing
2024-02-19 09:05:13,472 - help_utils - INFO - RSS feed updated UK Economy RSS
2024-02-20 09:04:49,511 - help_utils - INFO - Token value: Testing
2024-02-20 09:04:50,088 - help_utils - INFO - RSS feed updated UK Economy RSS
2024-02-21 09:05:46,021 - help_utils - INFO - Token value: Testing
2024-02-21 09:05:46,395 - help_utils - INFO - RSS feed updated UK Economy RSS
2024-02-22 09:04:49,883 - help_utils - INFO - Token value: Testing
2024-02-22 09:04:50,258 - help_utils - INFO - RSS feed updated UK Economy RSS
2024-02-23 09:04:46,216 - help_utils - INFO - Token value: Testing
2024-02-23 09:04:46,824 - help_utils - INFO - RSS feed updated UK Economy RSS
2024-02-24 09:04:50,923 - help_utils - INFO - Token value: Testing
2024-02-24 09:04:52,695 - help_utils - INFO - RSS feed updated UK Economy RSS
2024-02-25 09:04:36,322 - help_utils - INFO - Token value: Testing
2024-02-25 09:04:37,749 - help_utils - INFO - RSS feed updated UK Economy RSS
2024-02-26 09:05:07,256 - help_utils - INFO - Token value: Testing
2024-02-26 09:05:07,675 - help_utils - INFO - RSS feed updated UK Economy RSS
2024-02-27 09:04:51,292 - help_utils - INFO - Token value: Testing
2024-02-27 09:04:51,917 - help_utils - INFO - RSS feed updated UK Economy RSS
2024-02-28 09:04:59,499 - help_utils - INFO - Token value: Testing
2024-02-28 09:04:59,912 - help_utils - INFO - RSS feed updated UK Economy RSS
2024-02-29 09:04:46,034 - help_utils - INFO - Token value: Testing
2024-02-29 09:04:46,592 - help_utils - INFO - RSS feed updated UK Economy RSS
2024-03-01 09:05:40,230 - help_utils - INFO - Token value: Testing
2024-03-01 09:05:40,625 - help_utils - INFO - RSS feed updated UK Economy RSS
2024-03-02 09:04:42,382 - help_utils - INFO - Token value: Testing
2024-03-02 09:04:42,871 - help_utils - INFO - RSS feed updated UK Economy RSS
2024-03-03 09:05:11,237 - help_utils - INFO - Token value: Testing
2024-03-03 09:05:11,563 - help_utils - INFO - RSS feed updated UK Economy RSS
2024-03-04 09:48:52,022 - help_utils - INFO - Token value: Testing
2024-03-04 09:48:52,442 - help_utils - INFO - RSS feed updated UK Economy RSS
2024-03-05 09:04:58,483 - help_utils - INFO - Token value: Testing
2024-03-05 09:05:00,148 - help_utils - INFO - RSS feed updated UK Economy RSS
2024-03-06 09:04:53,836 - help_utils - INFO - Token value: Testing
2024-03-06 09:04:54,431 - help_utils - INFO - RSS feed updated UK Economy RSS
2024-03-07 09:04:36,904 - help_utils - INFO - Token value: Testing
2024-03-07 09:04:37,305 - help_utils - INFO - RSS feed updated UK Economy RSS
2024-03-08 09:04:52,575 - help_utils - INFO - Token value: Testing
2024-03-08 09:04:52,987 - help_utils - INFO - RSS feed updated UK Economy RSS
2024-03-09 09:04:57,459 - help_utils - INFO - Token value: Testing
2024-03-09 09:04:58,977 - help_utils - INFO - RSS feed updated UK Economy RSS
2024-03-10 09:04:42,395 - help_utils - INFO - Token value: Testing
2024-03-10 09:04:42,664 - help_utils - INFO - RSS feed updated UK Economy RSS
2024-03-11 09:05:29,323 - help_utils - INFO - Token value: Testing
2024-03-11 09:05:29,691 - help_utils - INFO - RSS feed updated UK Economy RSS
2024-03-12 09:05:36,098 - help_utils - INFO - Token value: Testing
2024-03-12 09:05:36,525 - help_utils - INFO - RSS feed updated UK Economy RSS
2024-03-13 09:05:33,004 - help_utils - INFO - Token value: Testing
2024-03-13 09:05:33,823 - help_utils - INFO - RSS feed updated UK Economy RSS
2024-03-14 09:05:00,592 - help_utils - INFO - Token value: Testing
2024-03-14 09:05:01,097 - help_utils - INFO - RSS feed updated UK Economy RSS
2024-03-15 09:04:51,975 - help_utils - INFO - Token value: Testing
2024-03-15 09:04:53,379 - help_utils - INFO - RSS feed updated UK Economy RSS
2024-03-16 09:04:34,687 - help_utils - INFO - Token value: Testing
2024-03-16 09:04:36,122 - help_utils - INFO - RSS feed updated UK Economy RSS
2024-03-17 09:04:40,122 - help_utils - INFO - Token value: Testing
2024-03-17 09:04:41,588 - help_utils - INFO - RSS feed updated UK Economy RSS
2024-03-18 09:05:04,175 - help_utils - INFO - Token value: Testing
2024-03-18 09:05:04,628 - help_utils - INFO - RSS feed updated UK Economy RSS
2024-03-19 09:05:02,985 - help_utils - INFO - Token value: Testing
2024-03-19 09:05:04,740 - help_utils - INFO - RSS feed updated UK Economy RSS
2024-03-20 09:05:18,893 - help_utils - INFO - Token value: Testing
2024-03-20 09:05:20,501 - help_utils - INFO - RSS feed updated UK Economy RSS
2024-03-21 09:04:55,251 - help_utils - INFO - Token value: Testing
2024-03-21 09:04:55,672 - help_utils - INFO - RSS feed updated UK Economy RSS
2024-03-22 09:05:34,660 - help_utils - INFO - Token value: Testing
2024-03-22 09:05:36,005 - help_utils - INFO - RSS feed updated UK Economy RSS
2024-03-23 09:05:26,270 - help_utils - INFO - Token value: Testing
2024-03-23 09:05:27,713 - help_utils - INFO - RSS feed updated UK Economy RSS
2024-03-24 09:05:13,861 - help_utils - INFO - Token value: Testing
2024-03-24 09:05:14,219 - help_utils - INFO - RSS feed updated UK Economy RSS
2024-03-25 09:05:10,896 - help_utils - INFO - Token value: Testing
2024-03-25 09:05:12,448 - help_utils - INFO - RSS feed updated UK Economy RSS
2024-03-26 09:05:07,242 - help_utils - INFO - Token value: Testing
2024-03-26 09:05:08,001 - help_utils - INFO - RSS feed updated UK Economy RSS
2024-03-27 09:05:10,135 - help_utils - INFO - Token value: Testing
2024-03-27 09:05:10,780 - help_utils - INFO - RSS feed updated UK Economy RSS
2024-03-28 09:05:48,531 - help_utils - INFO - Token value: Testing
2024-03-28 09:05:49,078 - help_utils - INFO - RSS feed updated UK Economy RSS
2024-03-29 09:04:48,485 - help_utils - INFO - Token value: Testing
2024-03-29 09:04:49,826 - help_utils - INFO - RSS feed updated UK Economy RSS
2024-03-30 09:04:43,804 - help_utils - INFO - Token value: Testing
2024-03-30 09:04:45,140 - help_utils - INFO - RSS feed updated UK Economy RSS
2024-03-31 09:05:06,750 - help_utils - INFO - Token value: Testing
2024-03-31 09:05:06,858 - help_utils - INFO - RSS feed updated UK Economy RSS
2024-04-01 09:04:53,939 - help_utils - INFO - Token value: Testing
2024-04-01 09:04:54,350 - help_utils - INFO - RSS feed updated UK Economy RSS
2024-04-02 09:05:10,834 - help_utils - INFO - Token value: Testing
2024-04-02 09:05:12,162 - help_utils - INFO - RSS feed updated UK Economy RSS
2024-04-03 09:05:44,505 - help_utils - INFO - Token value: Testing
2024-04-03 09:05:44,776 - help_utils - INFO - RSS feed updated UK Economy RSS
2024-04-04 09:05:02,717 - help_utils - INFO - Token value: Testing
2024-04-04 09:05:03,215 - help_utils - INFO - RSS feed updated UK Economy RSS
2024-04-05 09:04:47,946 - help_utils - INFO - Token value: Testing
2024-04-05 09:04:48,442 - help_utils - INFO - RSS feed updated UK Economy RSS
2024-04-06 09:05:13,822 - help_utils - INFO - Token value: Testing
2024-04-06 09:05:14,268 - help_utils - INFO - RSS feed updated UK Economy RSS
2024-04-07 09:05:24,440 - help_utils - INFO - Token value: Testing
2024-04-07 09:05:25,947 - help_utils - INFO - RSS feed updated UK Economy RSS
2024-04-08 09:05:34,535 - help_utils - INFO - Token value: Testing
2024-04-08 09:05:35,996 - help_utils - INFO - RSS feed updated UK Economy RSS
2024-04-09 09:05:49,938 - help_utils - INFO - Token value: Testing
2024-04-09 09:05:51,431 - help_utils - INFO - RSS feed updated UK Economy RSS
2024-04-10 09:06:33,913 - help_utils - INFO - Token value: Testing
2024-04-10 09:06:34,286 - help_utils - INFO - RSS feed updated UK Economy RSS
2024-04-11 09:05:12,220 - help_utils - INFO - Token value: Testing
2024-04-11 09:05:13,082 - help_utils - INFO - RSS feed updated UK Economy RSS
2024-04-12 09:05:26,753 - help_utils - INFO - Token value: Testing
2024-04-12 09:05:27,330 - help_utils - INFO - RSS feed updated UK Economy RSS
2024-04-13 09:04:55,708 - help_utils - INFO - Token value: Testing
2024-04-13 09:04:57,067 - help_utils - INFO - RSS feed updated UK Economy RSS
2024-04-14 10:23:54,096 - help_utils - INFO - Token value: Testing
2024-04-14 10:23:55,494 - help_utils - INFO - RSS feed updated UK Economy RSS
2024-04-15 09:04:55,329 - help_utils - INFO - Token value: Testing
2024-04-15 09:04:56,820 - help_utils - INFO - RSS feed updated UK Economy RSS
2024-04-16 09:05:11,228 - help_utils - INFO - Token value: Testing
2024-04-16 09:05:11,610 - help_utils - INFO - RSS feed updated UK Economy RSS
2024-04-17 09:04:55,132 - help_utils - INFO - Token value: Testing
2024-04-17 09:04:56,687 - help_utils - INFO - RSS feed updated UK Economy RSS
2024-04-18 09:05:44,667 - help_utils - INFO - Token value: Testing
2024-04-18 09:05:45,888 - help_utils - INFO - RSS feed updated UK Economy RSS
2024-04-19 09:05:00,973 - help_utils - INFO - Token value: Testing
2024-04-19 09:05:02,794 - help_utils - INFO - RSS feed updated UK Economy RSS
2024-04-20 09:04:59,645 - help_utils - INFO - Token value: Testing
2024-04-20 09:05:00,079 - help_utils - INFO - RSS feed updated UK Economy RSS
2024-04-21 09:04:50,246 - help_utils - INFO - Token value: Testing
2024-04-21 09:04:51,713 - help_utils - INFO - RSS feed updated UK Economy RSS
2024-04-22 09:05:03,272 - help_utils - INFO - Token value: Testing
2024-04-22 09:05:03,574 - help_utils - INFO - RSS feed updated UK Economy RSS
2024-04-23 09:04:59,358 - help_utils - INFO - Token value: Testing
2024-04-23 09:04:59,905 - help_utils - INFO - RSS feed updated UK Economy RSS
2024-04-24 09:05:16,608 - help_utils - INFO - Token value: Testing
2024-04-24 09:05:17,068 - help_utils - INFO - RSS feed updated UK Economy RSS
2024-04-25 09:04:59,001 - help_utils - INFO - Token value: Testing
2024-04-25 09:05:00,521 - help_utils - INFO - RSS feed updated UK Economy RSS
2024-04-26 09:05:38,102 - help_utils - INFO - Token value: Testing
2024-04-26 09:05:38,844 - help_utils - INFO - RSS feed updated UK Economy RSS
2024-04-27 09:04:44,434 - help_utils - INFO - Token value: Testing
2024-04-27 09:04:45,757 - help_utils - INFO - RSS feed updated UK Economy RSS
2024-04-28 09:04:50,160 - help_utils - INFO - Token value: Testing
2024-04-28 09:04:50,611 - help_utils - INFO - RSS feed updated UK Economy RSS
2024-04-29 09:05:01,957 - help_utils - INFO - Token value: Testing
2024-04-29 09:05:03,375 - help_utils - INFO - RSS feed updated UK Economy RSS
2024-04-30 09:05:26,264 - help_utils - INFO - Token value: Testing
2024-04-30 09:05:26,719 - help_utils - INFO - RSS feed updated UK Economy RSS
2024-05-01 09:04:50,459 - help_utils - INFO - Token value: Testing
2024-05-01 09:04:51,766 - help_utils - INFO - RSS feed updated UK Economy RSS
2024-05-02 09:05:04,495 - help_utils - INFO - Token value: Testing
2024-05-02 09:05:04,881 - help_utils - INFO - RSS feed updated UK Economy RSS
2024-05-03 09:05:05,001 - help_utils - INFO - Token value: Testing
2024-05-03 09:05:05,329 - help_utils - INFO - RSS feed updated UK Economy RSS
2024-05-04 09:04:38,555 - help_utils - INFO - Token value: Testing
2024-05-04 09:04:39,870 - help_utils - INFO - RSS feed updated UK Economy RSS
2024-05-05 09:05:46,823 - help_utils - INFO - Token value: Testing
2024-05-05 09:05:48,192 - help_utils - INFO - RSS feed updated UK Economy RSS
2024-05-06 09:05:00,927 - help_utils - INFO - Token value: Testing
2024-05-06 09:05:01,324 - help_utils - INFO - RSS feed updated UK Economy RSS
2024-05-07 09:05:09,648 - help_utils - INFO - Token value: Testing
2024-05-07 09:05:10,057 - help_utils - INFO - RSS feed updated UK Economy RSS
2024-05-08 09:05:00,599 - help_utils - INFO - Token value: Testing
2024-05-08 09:05:01,209 - help_utils - INFO - RSS feed updated UK Economy RSS
2024-05-09 09:05:47,905 - help_utils - INFO - Token value: Testing
2024-05-09 09:05:48,391 - help_utils - INFO - RSS feed updated UK Economy RSS
2024-05-10 09:05:29,738 - help_utils - INFO - Token value: Testing
2024-05-10 09:05:30,202 - help_utils - INFO - RSS feed updated UK Economy RSS
2024-05-11 09:05:01,081 - help_utils - INFO - Token value: Testing
2024-05-11 09:05:02,471 - help_utils - INFO - RSS feed updated UK Economy RSS
2024-05-12 09:04:50,317 - help_utils - INFO - Token value: Testing
2024-05-12 09:04:50,798 - help_utils - INFO - RSS feed updated UK Economy RSS
2024-05-13 09:05:06,724 - help_utils - INFO - Token value: Testing
2024-05-13 09:05:08,091 - help_utils - INFO - RSS feed updated UK Economy RSS
2024-05-14 09:05:38,140 - help_utils - INFO - Token value: Testing
2024-05-14 09:05:38,453 - help_utils - INFO - RSS feed updated UK Economy RSS
2024-05-15 09:05:52,863 - help_utils - INFO - Token value: Testing
2024-05-15 09:05:53,415 - help_utils - INFO - RSS feed updated UK Economy RSS
2024-05-16 09:05:12,801 - help_utils - INFO - Token value: Testing
2024-05-16 09:05:13,370 - help_utils - INFO - RSS feed updated UK Economy RSS
2024-05-17 09:05:35,752 - help_utils - INFO - Token value: Testing
2024-05-17 09:05:36,112 - help_utils - INFO - RSS feed updated UK Economy RSS
2024-05-18 09:04:53,374 - help_utils - INFO - Token value: Testing
2024-05-18 09:04:54,735 - help_utils - INFO - RSS feed updated UK Economy RSS
2024-05-19 09:04:52,261 - help_utils - INFO - Token value: Testing
2024-05-19 09:04:54,014 - help_utils - INFO - RSS feed updated UK Economy RSS
2024-05-20 09:06:29,663 - help_utils - INFO - Token value: Testing
2024-05-20 09:06:29,997 - help_utils - INFO - RSS feed updated UK Economy RSS
2024-05-21 09:04:59,753 - help_utils - INFO - Token value: Testing
2024-05-21 09:05:00,220 - help_utils - INFO - RSS feed updated UK Economy RSS
2024-05-22 09:05:27,564 - help_utils - INFO - Token value: Testing
2024-05-22 09:05:28,031 - help_utils - INFO - RSS feed updated UK Economy RSS
2024-05-23 09:05:39,525 - help_utils - INFO - Token value: Testing
2024-05-23 09:05:40,851 - help_utils - INFO - RSS feed updated UK Economy RSS
2024-05-24 09:05:35,806 - help_utils - INFO - Token value: Testing
2024-05-24 09:05:37,198 - help_utils - INFO - RSS feed updated UK Economy RSS
2024-05-25 09:05:13,567 - help_utils - INFO - Token value: Testing
2024-05-25 09:05:15,076 - help_utils - INFO - RSS feed updated UK Economy RSS
2024-05-26 09:05:02,562 - help_utils - INFO - Token value: Testing
2024-05-26 09:05:02,847 - help_utils - INFO - RSS feed updated UK Economy RSS
2024-05-27 09:05:02,988 - help_utils - INFO - Token value: Testing
2024-05-27 09:05:03,388 - help_utils - INFO - RSS feed updated UK Economy RSS
2024-05-28 09:05:04,206 - help_utils - INFO - Token value: Testing
2024-05-28 09:05:06,517 - help_utils - INFO - RSS feed updated UK Economy RSS
2024-05-29 09:05:00,883 - help_utils - INFO - Token value: Testing
2024-05-29 09:05:01,350 - help_utils - INFO - RSS feed updated UK Economy RSS
2024-05-30 09:05:49,215 - help_utils - INFO - Token value: Testing
2024-05-30 09:05:50,567 - help_utils - INFO - RSS feed updated UK Economy RSS
2024-05-31 09:05:49,923 - help_utils - INFO - Token value: Testing
2024-05-31 09:05:50,495 - help_utils - INFO - RSS feed updated UK Economy RSS
2024-06-01 09:06:19,998 - help_utils - INFO - Token value: Testing
2024-06-01 09:06:20,832 - help_utils - INFO - RSS feed updated UK Economy RSS
2024-06-02 09:05:00,737 - help_utils - INFO - Token value: Testing
2024-06-02 09:05:01,005 - help_utils - INFO - RSS feed updated UK Economy RSS
2024-06-03 09:05:05,912 - help_utils - INFO - Token value: Testing
2024-06-03 09:05:07,273 - help_utils - INFO - RSS feed updated UK Economy RSS
2024-06-04 09:05:48,952 - help_utils - INFO - Token value: Testing
2024-06-04 09:05:49,272 - help_utils - INFO - RSS feed updated UK Economy RSS
2024-06-05 09:06:23,775 - help_utils - INFO - Token value: Testing
2024-06-05 09:06:24,400 - help_utils - INFO - RSS feed updated UK Economy RSS
2024-06-06 09:06:12,994 - help_utils - INFO - Token value: Testing
2024-06-06 09:06:13,446 - help_utils - INFO - RSS feed updated UK Economy RSS
2024-06-07 09:04:59,504 - help_utils - INFO - Token value: Testing
2024-06-07 09:04:59,917 - help_utils - INFO - RSS feed updated UK Economy RSS
2024-06-08 09:05:42,740 - help_utils - INFO - Token value: Testing
2024-06-08 09:05:44,024 - help_utils - INFO - RSS feed updated UK Economy RSS
2024-06-09 09:05:42,453 - help_utils - INFO - Token value: Testing
2024-06-09 09:05:43,794 - help_utils - INFO - RSS feed updated UK Economy RSS
2024-06-10 09:06:21,035 - help_utils - INFO - Token value: Testing
2024-06-10 09:06:22,064 - help_utils - INFO - RSS feed updated UK Economy RSS
2024-06-11 09:05:47,472 - help_utils - INFO - Token value: Testing
2024-06-11 09:05:47,881 - help_utils - INFO - RSS feed updated UK Economy RSS
2024-06-12 09:05:15,802 - help_utils - INFO - Token value: Testing
2024-06-12 09:05:16,253 - help_utils - INFO - RSS feed updated UK Economy RSS
2024-06-13 09:05:48,743 - help_utils - INFO - Token value: Testing
2024-06-13 09:05:49,163 - help_utils - INFO - RSS feed updated UK Economy RSS
2024-06-14 09:05:05,958 - help_utils - INFO - Token value: Testing
2024-06-14 09:05:07,713 - help_utils - INFO - RSS feed updated UK Economy RSS
2024-06-15 09:04:56,351 - help_utils - INFO - Token value: Testing
2024-06-15 09:04:56,928 - help_utils - INFO - RSS feed updated UK Economy RSS
2024-06-16 09:06:21,238 - help_utils - INFO - Token value: Testing
2024-06-16 09:06:21,794 - help_utils - INFO - RSS feed updated UK Economy RSS
2024-06-17 09:05:18,873 - help_utils - INFO - Token value: Testing
2024-06-17 09:05:19,137 - help_utils - INFO - RSS feed updated UK Economy RSS
2024-06-18 09:05:03,392 - help_utils - INFO - Token value: Testing
2024-06-18 09:05:04,471 - help_utils - INFO - RSS feed updated UK Economy RSS
2024-06-19 09:05:47,613 - help_utils - INFO - Token value: Testing
2024-06-19 09:05:48,013 - help_utils - INFO - RSS feed updated UK Economy RSS
2024-06-20 09:06:15,649 - help_utils - INFO - Token value: Testing
2024-06-20 09:06:17,199 - help_utils - INFO - RSS feed updated UK Economy RSS
2024-06-21 09:04:57,452 - help_utils - INFO - Token value: Testing
2024-06-21 09:04:57,841 - help_utils - INFO - RSS feed updated UK Economy RSS
2024-06-22 09:05:08,126 - help_utils - INFO - Token value: Testing
2024-06-22 09:05:09,497 - help_utils - INFO - RSS feed updated UK Economy RSS
2024-06-23 09:06:26,060 - help_utils - INFO - Token value: Testing
2024-06-23 09:06:28,215 - help_utils - INFO - RSS feed updated UK Economy RSS
2024-06-24 09:06:35,535 - help_utils - INFO - Token value: Testing
2024-06-24 09:06:36,958 - help_utils - INFO - RSS feed updated UK Economy RSS
2024-06-25 09:05:03,249 - help_utils - INFO - Token value: Testing
2024-06-25 09:05:03,707 - help_utils - INFO - RSS feed updated UK Economy RSS
2024-06-26 09:05:57,831 - help_utils - INFO - Token value: Testing
2024-06-26 09:05:59,415 - help_utils - INFO - RSS feed updated UK Economy RSS
2024-06-27 09:05:04,712 - help_utils - INFO - Token value: Testing
2024-06-27 09:05:06,100 - help_utils - INFO - RSS feed updated UK Economy RSS
2024-06-28 09:05:12,017 - help_utils - INFO - Token value: Testing
2024-06-28 09:05:13,284 - help_utils - INFO - RSS feed updated UK Economy RSS
2024-06-29 09:05:36,298 - help_utils - INFO - Token value: Testing
2024-06-29 09:05:36,761 - help_utils - INFO - RSS feed updated UK Economy RSS
2024-06-30 09:05:34,261 - help_utils - INFO - Token value: Testing
2024-06-30 09:05:34,542 - help_utils - INFO - RSS feed updated UK Economy RSS
2024-07-01 09:06:37,719 - help_utils - INFO - Token value: Testing
2024-07-01 09:06:38,192 - help_utils - INFO - RSS feed updated UK Economy RSS
2024-07-02 09:05:01,598 - help_utils - INFO - Token value: Testing
2024-07-02 09:05:01,971 - help_utils - INFO - RSS feed updated UK Economy RSS
2024-07-03 09:05:05,891 - help_utils - INFO - Token value: Testing
2024-07-03 09:05:07,311 - help_utils - INFO - RSS feed updated UK Economy RSS
2024-07-04 09:05:31,439 - help_utils - INFO - Token value: Testing
2024-07-04 09:05:31,731 - help_utils - INFO - RSS feed updated UK Economy RSS
2024-07-05 09:05:43,058 - help_utils - INFO - Token value: Testing
2024-07-05 09:05:43,350 - help_utils - INFO - RSS feed updated UK Economy RSS
2024-07-06 09:04:56,139 - help_utils - INFO - Token value: Testing
2024-07-06 09:04:56,696 - help_utils - INFO - RSS feed updated UK Economy RSS
2024-07-07 09:05:13,376 - help_utils - INFO - Token value: Testing
2024-07-07 09:05:13,595 - help_utils - INFO - RSS feed updated UK Economy RSS
2024-07-08 09:05:38,835 - help_utils - INFO - Token value: Testing
2024-07-08 09:05:39,135 - help_utils - INFO - RSS feed updated UK Economy RSS
